+++++++++++++++++++++++++++++++++++++++++++++++++++++++++++++++++++++++++++++++++++++++++++
The version of PETSc you are using is out-of-date, we recommend updating to the new release
 Available Version: 3.8.2   Installed Version: 3.8
http://www.mcs.anl.gov/petsc/download/index.html
+++++++++++++++++++++++++++++++++++++++++++++++++++++++++++++++++++++++++++++++++++++++++++
make[1]: Entering directory '/sunhome/mlupopa/priv/PhD_project/Codes/Linear_Solver/AAR_MPI/petsc-3.8.0'
==========================================
 
See documentation/faq.html and documentation/bugreporting.html
for help with installation problems.  Please send EVERYTHING
printed out below when reporting problems.  Please check the
mailing list archives and consider subscribing.
 
  http://www.mcs.anl.gov/petsc/miscellaneous/mailing-lists.html
 
==========================================
Starting on euler at Fri Nov 10 17:36:27 EST 2017
Machine characteristics: Linux euler 4.4.0-66-generic #87-Ubuntu SMP Fri Mar 3 15:29:05 UTC 2017 x86_64 x86_64 x86_64 GNU/Linux
-----------------------------------------
Using PETSc directory: /sunhome/mlupopa/priv/PhD_project/Codes/Linear_Solver/AAR_MPI/petsc-3.8.0
Using PETSc arch: arch-linux2-c-debug
-----------------------------------------
PETSC_VERSION_RELEASE    1
PETSC_VERSION_MAJOR      3
PETSC_VERSION_MINOR      8
PETSC_VERSION_SUBMINOR   0
PETSC_VERSION_PATCH      0
PETSC_VERSION_DATE       "Sep, 26, 2017"
PETSC_VERSION_GIT        "v3.8"
PETSC_VERSION_DATE_GIT   "2017-09-26 17:50:05 -0500"
PETSC_VERSION_EQ(MAJOR,MINOR,SUBMINOR) \
PETSC_VERSION_ PETSC_VERSION_EQ
PETSC_VERSION_LT(MAJOR,MINOR,SUBMINOR)          \
PETSC_VERSION_LE(MAJOR,MINOR,SUBMINOR) \
PETSC_VERSION_GT(MAJOR,MINOR,SUBMINOR) \
PETSC_VERSION_GE(MAJOR,MINOR,SUBMINOR) \
-----------------------------------------
Using configure Options: 
Using configuration flags:
#define INCLUDED_PETSCCONF_H
#define IS_COLORING_MAX 65535
#define STDC_HEADERS 1
#define MPIU_COLORING_VALUE MPI_UNSIGNED_SHORT
#define PETSC_HAVE_CXX 1
#define PETSC_UINTPTR_T uintptr_t
#define PETSC_HAVE_PTHREAD 1
#define PETSC_DEPRECATED(why) __attribute((deprecated))
#define PETSC_REPLACE_DIR_SEPARATOR '\\'
#define PETSC_HAVE_SO_REUSEADDR 1
#define PETSC_HAVE_MPI 1
#define PETSC_PREFETCH_HINT_T2 _MM_HINT_T2
#define PETSC_PREFETCH_HINT_T0 _MM_HINT_T0
#define PETSC_PREFETCH_HINT_T1 _MM_HINT_T1
#define PETSC_HAVE_FORTRAN 1
#define PETSC_DIR "/sunhome/mlupopa/priv/PhD_project/Codes/Linear_Solver/AAR_MPI/petsc-3.8.0"
#define PETSC_HAVE_X 1
#define PETSC_LIB_DIR "/sunhome/mlupopa/priv/PhD_project/Codes/Linear_Solver/AAR_MPI/petsc-3.8.0/arch-linux2-c-debug/lib"
#define PETSC_USE_SOCKET_VIEWER 1
#define PETSC_USE_ISATTY 1
#define PETSC_SLSUFFIX "so"
#define PETSC_FUNCTION_NAME_CXX __func__
#define PETSC_HAVE_ATOLL 1
#define PETSC_HAVE_ATTRIBUTEALIGNED 1
#define PETSC_HAVE_DOUBLE_ALIGN_MALLOC 1
#define PETSC_UNUSED __attribute((unused))
#define PETSC_ATTRIBUTEALIGNED(size) __attribute((aligned (size)))
#define PETSC_FUNCTION_NAME_C __func__
#define PETSC_USE_SINGLE_LIBRARY 1
#define PETSC_HAVE_BUILTIN_EXPECT 1
#define PETSC_DIR_SEPARATOR '/'
#define PETSC_PATH_SEPARATOR ':'
#define PETSC_HAVE_XMMINTRIN_H 1
#define PETSC_PREFETCH_HINT_NTA _MM_HINT_NTA
#define PETSC_Prefetch(a,b,c) _mm_prefetch((const char*)(a),(c))
#define PETSC_HAVE_BLASLAPACK 1
#define PETSC_HAVE_GZIP 1
#define PETSC_HAVE_STRING_H 1
#define PETSC_HAVE_SYS_TYPES_H 1
#define PETSC_HAVE_ENDIAN_H 1
#define PETSC_HAVE_SYS_PROCFS_H 1
#define PETSC_HAVE_DLFCN_H 1
#define PETSC_HAVE_SCHED_H 1
#define PETSC_HAVE_STDINT_H 1
#define PETSC_HAVE_LINUX_KERNEL_H 1
#define PETSC_HAVE_TIME_H 1
#define PETSC_HAVE_MATH_H 1
#define PETSC_HAVE_INTTYPES_H 1
#define PETSC_TIME_WITH_SYS_TIME 1
#define PETSC_HAVE_SYS_PARAM_H 1
#define PETSC_HAVE_PTHREAD_H 1
#define PETSC_HAVE_UNISTD_H 1
#define PETSC_HAVE_STDLIB_H 1
#define PETSC_HAVE_SYS_WAIT_H 1
#define PETSC_HAVE_SETJMP_H 1
#define PETSC_HAVE_LIMITS_H 1
#define PETSC_HAVE_SYS_UTSNAME_H 1
#define PETSC_HAVE_NETINET_IN_H 1
#define PETSC_HAVE_SYS_SOCKET_H 1
#define PETSC_HAVE_FLOAT_H 1
#define PETSC_HAVE_SEARCH_H 1
#define PETSC_HAVE_SYS_RESOURCE_H 1
#define PETSC_HAVE_SYS_TIMES_H 1
#define PETSC_HAVE_NETDB_H 1
#define PETSC_HAVE_MALLOC_H 1
#define PETSC_HAVE_PWD_H 1
#define PETSC_HAVE_FCNTL_H 1
#define PETSC_HAVE_STRINGS_H 1
#define PETSC_HAVE_SYS_SYSINFO_H 1
#define PETSC_HAVE_SYS_TIME_H 1
#define PETSC_USING_F90 1
#define PETSC_USING_F2003 1
#define PETSC_HAVE_RTLD_NOW 1
#define PETSC_HAVE_RTLD_LOCAL 1
#define PETSC_HAVE_RTLD_LAZY 1
#define PETSC_C_STATIC_INLINE static inline
#define PETSC_USING_F90FREEFORM 1
#define PETSC_HAVE_FORTRAN_UNDERSCORE 1
#define PETSC_HAVE_CXX_NAMESPACE 1
#define PETSC_HAVE_RTLD_GLOBAL 1
#define PETSC_C_RESTRICT __restrict
#define PETSC_CXX_RESTRICT __restrict
#define PETSC_CXX_STATIC_INLINE static inline
#define PETSC_HAVE_LIBBLAS 1
#define PETSC_HAVE_LIBDL 1
#define PETSC_HAVE_LIBM 1
#define PETSC_HAVE_LIBLAPACK 1
#define PETSC_HAVE_FENV_H 1
#define PETSC_HAVE_LOG2 1
#define PETSC_HAVE_LIBMPI_USEMPI_IGNORE_TKR 1
#define PETSC_HAVE_LIBMPI_USEMPIF08 1
#define PETSC_HAVE_ERF 1
#define PETSC_HAVE_LIBX11 1
#define PETSC_HAVE_LIBQUADMATH 1
#define PETSC_HAVE_LIBMPI_MPIFH 1
#define PETSC_HAVE_TGAMMA 1
#define PETSC_HAVE_LIBGFORTRAN 1
#define PETSC_ARCH "arch-linux2-c-debug"
#define PETSC_USE_SCALAR_REAL 1
#define PETSC_HAVE_ISINF 1
#define PETSC_HAVE_ISNAN 1
#define PETSC_HAVE_ISNORMAL 1
#define PETSC_USE_REAL_DOUBLE 1
#define PETSC_SIZEOF_MPI_COMM 8
#define PETSC_BITS_PER_BYTE 8
#define PETSC_SIZEOF_MPI_FINT 4
#define PETSC_USE_VISIBILITY_C 1
#define PETSC_SIZEOF_VOID_P 8
#define PETSC_RETSIGTYPE void
#define PETSC_HAVE_CXX_COMPLEX 1
#define PETSC_SIZEOF_LONG 8
#define PETSC_USE_FORTRANKIND 1
#define PETSC_USE_VISIBILITY_CXX 1
#define PETSC_SIZEOF_SIZE_T 8
#define PETSC_HAVE_SIGINFO_T 1
#define PETSC_SIZEOF_CHAR 1
#define PETSC_SIZEOF_DOUBLE 8
#define PETSC_SIZEOF_FLOAT 4
#define PETSC_HAVE_C99_COMPLEX 1
#define PETSC_SIZEOF_INT 4
#define PETSC_SIZEOF_LONG_LONG 8
#define PETSC_SIZEOF_SHORT 2
#define PETSC_CLANGUAGE_C 1
#define PETSC_USE_ERRORCHECKING 1
#define PETSC_HAVE_STRCASECMP 1
#define PETSC_HAVE_GET_NPROCS 1
#define PETSC_HAVE_POPEN 1
#define PETSC_HAVE_SIGSET 1
#define PETSC_HAVE_GETWD 1
#define PETSC_HAVE_VSNPRINTF 1
#define PETSC_HAVE_TIMES 1
#define PETSC_HAVE_DLSYM 1
#define PETSC_HAVE_SNPRINTF 1
#define PETSC_HAVE_GETHOSTBYNAME 1
#define PETSC_HAVE_GETCWD 1
#define PETSC_HAVE_DLERROR 1
#define PETSC_HAVE_FORK 1
#define PETSC_HAVE_RAND 1
#define PETSC_HAVE_GETTIMEOFDAY 1
#define PETSC_HAVE_DLCLOSE 1
#define PETSC_HAVE_UNAME 1
#define PETSC_HAVE_GETHOSTNAME 1
#define PETSC_HAVE_MKSTEMP 1
#define PETSC_HAVE_SIGACTION 1
#define PETSC_HAVE_DRAND48 1
#define PETSC_HAVE_MEMALIGN 1
#define PETSC_HAVE_VA_COPY 1
#define PETSC_HAVE_CLOCK 1
#define PETSC_HAVE_ACCESS 1
#define PETSC_HAVE_SIGNAL 1
#define PETSC_HAVE_USLEEP 1
#define PETSC_HAVE_GETRUSAGE 1
#define PETSC_HAVE_VFPRINTF 1
#define PETSC_HAVE_NANOSLEEP 1
#define PETSC_HAVE_GETDOMAINNAME 1
#define PETSC_HAVE_TIME 1
#define PETSC_HAVE_LSEEK 1
#define PETSC_HAVE_SOCKET 1
#define PETSC_HAVE_SYSINFO 1
#define PETSC_HAVE_READLINK 1
#define PETSC_HAVE_REALPATH 1
#define PETSC_HAVE_DLOPEN 1
#define PETSC_HAVE_MEMMOVE 1
#define PETSC_HAVE__GFORTRAN_IARGC 1
#define PETSC_SIGNAL_CAST  
#define PETSC_HAVE_SLEEP 1
#define PETSC_HAVE_VPRINTF 1
#define PETSC_HAVE_BZERO 1
#define PETSC_HAVE_GETPAGESIZE 1
#define PETSC_WRITE_MEMORY_BARRIER() asm volatile("sfence":::"memory")
#define PETSC_MEMORY_BARRIER() asm volatile("mfence":::"memory")
#define PETSC_READ_MEMORY_BARRIER() asm volatile("lfence":::"memory")
#define PETSC_CPU_RELAX() asm volatile("rep; nop" ::: "memory")
#define PETSC_HAVE_DYNAMIC_LIBRARIES 1
#define PETSC_HAVE_SHARED_LIBRARIES 1
#define PETSC_USE_SHARED_LIBRARIES 1
#define PETSC_USE_GDB_DEBUGGER 1
#define PETSC_BLASLAPACK_UNDERSCORE 1
#define PETSC_HAVE_MPI_F90MODULE 1
#define PETSC_HAVE_MPI_IALLREDUCE 1
#define PETSC_HAVE_OMPI_MINOR_VERSION 10
#define PETSC_HAVE_MPI_REDUCE_SCATTER_BLOCK 1
#define PETSC_HAVE_MPI_IN_PLACE 1
#define PETSC_HAVE_MPI_COMM_C2F 1
#define PETSC_HAVE_MPI_GET_LIBRARY_VERSION 1
#define PETSC_HAVE_MPI_COMBINER_CONTIGUOUS 1
#define PETSC_HAVE_MPI_INT64_T 1
#define PETSC_HAVE_MPI_TYPE_GET_EXTENT 1
#define PETSC_HAVE_MPI_WIN_CREATE 1
#define PETSC_HAVE_MPI_TYPE_DUP 1
#define PETSC_HAVE_MPI_INIT_THREAD 1
#define PETSC_HAVE_MPI_COMBINER_NAMED 1
#define PETSC_HAVE_MPI_LONG_DOUBLE 1
#define PETSC_HAVE_MPI_COMM_F2C 1
#define PETSC_HAVE_MPI_TYPE_GET_ENVELOPE 1
#define PETSC_HAVE_OMPI_MAJOR_VERSION 1
#define PETSC_HAVE_MPI_REDUCE_SCATTER 1
#define PETSC_HAVE_MPI_COMBINER_DUP 1
#define PETSC_HAVE_MPIIO 1
#define PETSC_HAVE_MPI_COMM_SPAWN 1
#define PETSC_HAVE_MPI_FINT 1
#define PETSC_HAVE_MPI_IBARRIER 1
#define PETSC_HAVE_MPI_ALLTOALLW 1
#define PETSC_HAVE_OMPI_RELEASE_VERSION 2
#define PETSC_HAVE_MPI_REDUCE_LOCAL 1
#define PETSC_HAVE_MPI_REPLACE 1
#define PETSC_HAVE_MPI_EXSCAN 1
#define PETSC_HAVE_MPI_C_DOUBLE_COMPLEX 1
#define PETSC_HAVE_MPI_FINALIZED 1
#define PETSC_MEMALIGN 16
#define PETSC_USE_INFO 1
#define PETSC_Alignx(a,b)   
#define PETSC_USE_BACKWARD_LOOP 1
#define PETSC_USE_DEBUG 1
#define PETSC_USE_LOG 1
#define PETSC_IS_COLOR_VALUE_TYPE_F integer2
#define PETSC_IS_COLOR_VALUE_TYPE short
#define PETSC_USE_CTABLE 1
#define PETSC__GNU_SOURCE 1
#define PETSC__BSD_SOURCE 1
#define PETSC__DEFAULT_SOURCE 1
#define PETSC_HAVE_FORTRAN_GET_COMMAND_ARGUMENT 1
#define PETSC_HAVE_GFORTRAN_IARGC 1
#define PETSC_USE_PROC_FOR_SIZE 1
#define PETSC_LEVEL1_DCACHE_LINESIZE 64
#define PETSC_LEVEL1_DCACHE_SIZE 32768
#define PETSC_LEVEL1_DCACHE_ASSOC 8
#define PETSC_HAVE_SCHED_CPU_SET_T 1
#define PETSC_HAVE_PTHREAD_BARRIER_T 1
#define PETSC_HAVE_SYS_SYSCTL_H 1
-----------------------------------------
Using C/C++ compile: mpicc -c -fPIC  -Wall -Wwrite-strings -Wno-strict-aliasing -Wno-unknown-pragmas -fstack-protector -fvisibility=hidden -g3   -I/sunhome/mlupopa/priv/PhD_project/Codes/Linear_Solver/AAR_MPI/petsc-3.8.0/include -I/sunhome/mlupopa/priv/PhD_project/Codes/Linear_Solver/AAR_MPI/petsc-3.8.0/arch-linux2-c-debug/include     
mpicc -show: gcc -I/usr/lib/openmpi/include/openmpi/opal/mca/event/libevent2021/libevent -I/usr/lib/openmpi/include/openmpi/opal/mca/event/libevent2021/libevent/include -I/usr/lib/openmpi/include -I/usr/lib/openmpi/include/openmpi -pthread -Wl,-rpath -Wl,/usr/lib/openmpi/lib -Wl,--enable-new-dtags -L/usr/lib/openmpi/lib -lmpi
Using Fortran compile: mpif90 -c -fPIC -Wall -ffree-line-length-0 -Wno-unused-dummy-argument -g    -I/sunhome/mlupopa/priv/PhD_project/Codes/Linear_Solver/AAR_MPI/petsc-3.8.0/include -I/sunhome/mlupopa/priv/PhD_project/Codes/Linear_Solver/AAR_MPI/petsc-3.8.0/arch-linux2-c-debug/include     
mpif90 -show: gfortran -I/usr/lib/openmpi/include -pthread -I/usr/lib/openmpi/lib -Wl,-rpath -Wl,/usr/lib/openmpi/lib -Wl,--enable-new-dtags -L/usr/lib/openmpi/lib -lmpi_usempif08 -lmpi_usempi_ignore_tkr -lmpi_mpifh -lmpi
-----------------------------------------
Using C/C++ linker: mpicc
Using C/C++ flags: -fPIC  -Wall -Wwrite-strings -Wno-strict-aliasing -Wno-unknown-pragmas -fstack-protector -fvisibility=hidden -g3
Using Fortran linker: mpif90
Using Fortran flags: -fPIC -Wall -ffree-line-length-0 -Wno-unused-dummy-argument -g 
-----------------------------------------
Using system modules: 
Using mpi.h: # 1 "/usr/lib/openmpi/include/mpi.h" 1
-----------------------------------------
Using libraries: -Wl,-rpath,/sunhome/mlupopa/priv/PhD_project/Codes/Linear_Solver/AAR_MPI/petsc-3.8.0/arch-linux2-c-debug/lib -L/sunhome/mlupopa/priv/PhD_project/Codes/Linear_Solver/AAR_MPI/petsc-3.8.0/arch-linux2-c-debug/lib -Wl,-rpath,/usr/lib/openmpi/lib -L/usr/lib/openmpi/lib -Wl,-rpath,/usr/lib/gcc/x86_64-linux-gnu/5 -L/usr/lib/gcc/x86_64-linux-gnu/5 -Wl,-rpath,/usr/lib/x86_64-linux-gnu -L/usr/lib/x86_64-linux-gnu -Wl,-rpath,/lib/x86_64-linux-gnu -L/lib/x86_64-linux-gnu -lpetsc -llapack -lblas -lX11 -lm -lmpi_usempif08 -lmpi_usempi_ignore_tkr -lmpi_mpifh -lgfortran -lm -lgfortran -lm -lquadmath -lmpi_cxx -lstdc++ -lm -Wl,-rpath,/usr/lib/openmpi/lib -L/usr/lib/openmpi/lib -Wl,-rpath,/usr/lib/gcc/x86_64-linux-gnu/5 -L/usr/lib/gcc/x86_64-linux-gnu/5 -Wl,-rpath,/usr/lib/x86_64-linux-gnu -L/usr/lib/x86_64-linux-gnu -Wl,-rpath,/lib/x86_64-linux-gnu -L/lib/x86_64-linux-gnu -Wl,-rpath,/usr/lib/x86_64-linux-gnu -L/usr/lib/x86_64-linux-gnu -ldl -Wl,-rpath,/usr/lib/openmpi/lib -lmpi -lgcc_s -lpthread -ldl 
------------------------------------------
Using mpiexec: mpiexec
==========================================
Building PETSc using GNU Make with 28 build threads
==========================================
make[2]: Entering directory '/sunhome/mlupopa/priv/PhD_project/Codes/Linear_Solver/AAR_MPI/petsc-3.8.0'
/usr/bin/python ./config/gmakegen.py --petsc-arch=arch-linux2-c-debug
/usr/bin/python ./config/gmakegentest.py --petsc-arch=arch-linux2-c-debug
          CC arch-linux2-c-debug/obj/src/sys/utils/arch.o
          CC arch-linux2-c-debug/obj/src/sys/python/ftn-custom/zpythonf.o
          CC arch-linux2-c-debug/obj/src/sys/info/ftn-auto/verboseinfof.o
          CC arch-linux2-c-debug/obj/src/sys/info/ftn-custom/zverboseinfof.o
          CC arch-linux2-c-debug/obj/src/sys/totalview/tv_data_display.o
          CC arch-linux2-c-debug/obj/src/sys/memory/mhbw.o
          CC arch-linux2-c-debug/obj/src/sys/ftn-custom/zsys.o
          CC arch-linux2-c-debug/obj/src/sys/memory/ftn-auto/memf.o
          CC arch-linux2-c-debug/obj/src/sys/memory/ftn-custom/zmtrf.o
          CC arch-linux2-c-debug/obj/src/sys/info/verboseinfo.o
          CC arch-linux2-c-debug/obj/src/sys/logging/ftn-auto/plogf.o
          CC arch-linux2-c-debug/obj/src/sys/logging/ftn-custom/zplogf.o
          CC arch-linux2-c-debug/obj/src/sys/memory/ftn-auto/mtrf.o
          CC arch-linux2-c-debug/obj/src/sys/memory/mal.o
          CC arch-linux2-c-debug/obj/src/sys/ftn-custom/zutils.o
          CC arch-linux2-c-debug/obj/src/sys/python/pythonsys.o
          CC arch-linux2-c-debug/obj/src/sys/logging/xmlviewer.o
          CC arch-linux2-c-debug/obj/src/sys/logging/utils/classlog.o
          CC arch-linux2-c-debug/obj/src/sys/logging/utils/stack.o
          CC arch-linux2-c-debug/obj/src/sys/memory/mtr.o
          CC arch-linux2-c-debug/obj/src/sys/logging/utils/stagelog.o
          CC arch-linux2-c-debug/obj/src/sys/logging/utils/eventlog.o
          FC arch-linux2-c-debug/obj/src/sys/fsrc/somefort.o
          CC arch-linux2-c-debug/obj/src/sys/logging/xmllogevent.o
          CC arch-linux2-c-debug/obj/src/sys/memory/mem.o
          CC arch-linux2-c-debug/obj/src/sys/utils/mathinf.o
          CC arch-linux2-c-debug/obj/src/sys/utils/mpilong.o
          CC arch-linux2-c-debug/obj/src/sys/utils/mpitr.o
          CC arch-linux2-c-debug/obj/src/sys/utils/ftn-auto/memcf.o
          CC arch-linux2-c-debug/obj/src/sys/utils/psplit.o
          CC arch-linux2-c-debug/obj/src/sys/utils/ftn-auto/mpiuf.o
          CC arch-linux2-c-debug/obj/src/sys/utils/fuser.o
          CC arch-linux2-c-debug/obj/src/sys/logging/plog.o
          CC arch-linux2-c-debug/obj/src/sys/utils/select.o
          CC arch-linux2-c-debug/obj/src/sys/utils/fhost.o
          CC arch-linux2-c-debug/obj/src/sys/utils/pbarrier.o
          CC arch-linux2-c-debug/obj/src/sys/utils/sseenabled.o
          CC arch-linux2-c-debug/obj/src/sys/utils/matheq.o
          CC arch-linux2-c-debug/obj/src/sys/utils/psleep.o
          CC arch-linux2-c-debug/obj/src/sys/utils/memc.o
          CC arch-linux2-c-debug/obj/src/sys/utils/sortip.o
          CC arch-linux2-c-debug/obj/src/sys/utils/segbuffer.o
          CC arch-linux2-c-debug/obj/src/sys/utils/mpiu.o
          CC arch-linux2-c-debug/obj/src/sys/utils/sortd.o
          CC arch-linux2-c-debug/obj/src/sys/utils/sorti.o
          CC arch-linux2-c-debug/obj/src/sys/utils/pdisplay.o
          CC arch-linux2-c-debug/obj/src/sys/utils/mpimesg.o
          CC arch-linux2-c-debug/obj/src/sys/utils/ftn-auto/mpitsf.o
          CC arch-linux2-c-debug/obj/src/sys/utils/ctable.o
          CC arch-linux2-c-debug/obj/src/sys/utils/str.o
          CC arch-linux2-c-debug/obj/src/sys/utils/mpits.o
          CC arch-linux2-c-debug/obj/src/sys/utils/ftn-custom/zfhostf.o
          CC arch-linux2-c-debug/obj/src/sys/utils/ftn-custom/zarchf.o
          CC arch-linux2-c-debug/obj/src/sys/time/ftn-custom/zptimef.o
          CC arch-linux2-c-debug/obj/src/sys/utils/ftn-custom/zpbarrierf.o
          CC arch-linux2-c-debug/obj/src/sys/time/fdate.o
          CC arch-linux2-c-debug/obj/src/sys/dll/ftn-auto/regf.o
          CC arch-linux2-c-debug/obj/src/sys/utils/ftn-custom/zstrf.o
          CC arch-linux2-c-debug/obj/src/sys/time/ftn-auto/cputimef.o
          CC arch-linux2-c-debug/obj/src/sys/dll/dlimpl.o
          CC arch-linux2-c-debug/obj/src/sys/time/cputime.o
          CC arch-linux2-c-debug/obj/src/sys/utils/ftn-auto/psplitf.o
          CC arch-linux2-c-debug/obj/src/sys/utils/ftn-auto/sortipf.o
          CC arch-linux2-c-debug/obj/src/sys/dll/dl.o
          CC arch-linux2-c-debug/obj/src/sys/utils/ftn-auto/psleepf.o
          CC arch-linux2-c-debug/obj/src/sys/utils/ftn-auto/sortdf.o
          CC arch-linux2-c-debug/obj/src/sys/utils/ftn-auto/sortif.o
          CC arch-linux2-c-debug/obj/src/sys/dll/reg.o
          CC arch-linux2-c-debug/obj/src/sys/objects/gcomm.o
          CC arch-linux2-c-debug/obj/src/sys/objects/tagm.o
          CC arch-linux2-c-debug/obj/src/sys/objects/gcookie.o
          CC arch-linux2-c-debug/obj/src/sys/objects/gtype.o
          CC arch-linux2-c-debug/obj/src/sys/objects/version.o
          CC arch-linux2-c-debug/obj/src/sys/objects/olist.o
          CC arch-linux2-c-debug/obj/src/sys/objects/pname.o
          CC arch-linux2-c-debug/obj/src/sys/objects/destroy.o
          CC arch-linux2-c-debug/obj/src/sys/objects/inherit.o
          CC arch-linux2-c-debug/obj/src/sys/objects/pgname.o
          CC arch-linux2-c-debug/obj/src/sys/objects/ptype.o
          CC arch-linux2-c-debug/obj/src/sys/objects/prefix.o
          CC arch-linux2-c-debug/obj/src/sys/objects/fcallback.o
          CC arch-linux2-c-debug/obj/src/sys/objects/state.o
          CC arch-linux2-c-debug/obj/src/sys/objects/ftn-auto/optionsf.o
          CC arch-linux2-c-debug/obj/src/sys/objects/ftn-custom/zgcommf.o
          CC arch-linux2-c-debug/obj/src/sys/objects/ftn-custom/zgtype.o
          CC arch-linux2-c-debug/obj/src/sys/objects/subcomm.o
          CC arch-linux2-c-debug/obj/src/sys/objects/ftn-auto/destroyf.o
          CC arch-linux2-c-debug/obj/src/sys/objects/ftn-custom/zprefixf.o
          CC arch-linux2-c-debug/obj/src/sys/objects/ftn-auto/statef.o
          CC arch-linux2-c-debug/obj/src/sys/objects/ftn-auto/pinitf.o
          CC arch-linux2-c-debug/obj/src/sys/objects/ftn-auto/gcommf.o
          CC arch-linux2-c-debug/obj/src/sys/objects/init.o
          CC arch-linux2-c-debug/obj/src/sys/objects/ftn-custom/zpnamef.o
          CC arch-linux2-c-debug/obj/src/sys/objects/ftn-custom/zpgnamef.o
          CC arch-linux2-c-debug/obj/src/sys/objects/ftn-auto/tagmf.o
          CC arch-linux2-c-debug/obj/src/sys/objects/ftn-auto/gcookief.o
          CC arch-linux2-c-debug/obj/src/sys/objects/pinit.o
          CC arch-linux2-c-debug/obj/src/sys/objects/aoptions.o
          CC arch-linux2-c-debug/obj/src/sys/objects/ftn-auto/inheritf.o
          CC arch-linux2-c-debug/obj/src/sys/objects/ftn-custom/zdestroyf.o
          CC arch-linux2-c-debug/obj/src/sys/objects/ftn-custom/zstart.o
          CC arch-linux2-c-debug/obj/src/sys/objects/ftn-custom/zoptionsf.o
          CC arch-linux2-c-debug/obj/src/sys/objects/options.o
          CC arch-linux2-c-debug/obj/src/sys/objects/ftn-custom/zstartf.o
          CC arch-linux2-c-debug/obj/src/sys/objects/ftn-custom/zinheritf.o
          CC arch-linux2-c-debug/obj/src/sys/objects/ftn-custom/zptypef.o
          CC arch-linux2-c-debug/obj/src/sys/fileio/ghome.o
          CC arch-linux2-c-debug/obj/src/sys/objects/ftn-custom/zversionf.o
          CC arch-linux2-c-debug/obj/src/sys/error/errabort.o
          CC arch-linux2-c-debug/obj/src/sys/fileio/rpath.o
          CC arch-linux2-c-debug/obj/src/sys/error/errstop.o
          CC arch-linux2-c-debug/obj/src/sys/error/ftn-auto/errf.o
          CC arch-linux2-c-debug/obj/src/sys/fileio/ftest.o
          CC arch-linux2-c-debug/obj/src/sys/error/ftn-auto/adebugf.o
          CC arch-linux2-c-debug/obj/src/sys/error/ftn-auto/checkptrf.o
          CC arch-linux2-c-debug/obj/src/sys/error/ftn-auto/fpf.o
          CC arch-linux2-c-debug/obj/src/sys/error/pstack.o
          CC arch-linux2-c-debug/obj/src/sys/error/ftn-auto/signalf.o
          CC arch-linux2-c-debug/obj/src/sys/error/ftn-custom/zerrf.o
          CC arch-linux2-c-debug/obj/src/sys/fileio/mpiuopen.o
          CC arch-linux2-c-debug/obj/src/sys/fileio/fwd.o
          CC arch-linux2-c-debug/obj/src/sys/error/err.o
          CC arch-linux2-c-debug/obj/src/sys/error/fp.o
          CC arch-linux2-c-debug/obj/src/sys/error/errtrace.o
          CC arch-linux2-c-debug/obj/src/sys/error/adebug.o
          CC arch-linux2-c-debug/obj/src/sys/error/checkptr.o
          CC arch-linux2-c-debug/obj/src/sys/fileio/fpath.o
          CC arch-linux2-c-debug/obj/src/sys/error/signal.o
          CC arch-linux2-c-debug/obj/src/sys/fileio/grpath.o
          FC arch-linux2-c-debug/obj/src/sys/f90-src/fsrc/f90_fwrap.o
          CC arch-linux2-c-debug/obj/src/sys/fileio/smatlab.o
          CC arch-linux2-c-debug/obj/src/sys/fileio/ftn-auto/sysiof.o
          CC arch-linux2-c-debug/obj/src/sys/fileio/ftn-custom/zghomef.o
          CC arch-linux2-c-debug/obj/src/sys/fileio/mprint.o
          CC arch-linux2-c-debug/obj/src/sys/fileio/ftn-custom/zmprintf.o
          CC arch-linux2-c-debug/obj/src/sys/fileio/fdir.o
          CC arch-linux2-c-debug/obj/src/sys/fileio/ftn-custom/zmpiuopenf.o
          CC arch-linux2-c-debug/obj/src/sys/fileio/ftn-custom/zsysiof.o
          CC arch-linux2-c-debug/obj/src/sys/fileio/fretrieve.o
          CC arch-linux2-c-debug/obj/src/sys/classes/draw/impls/x/ftn-custom/zdrawopenxf.o
          CC arch-linux2-c-debug/obj/src/sys/classes/draw/impls/x/xioerr.o
          CC arch-linux2-c-debug/obj/src/sys/fileio/sysio.o
          CC arch-linux2-c-debug/obj/src/sys/classes/draw/impls/tikz/tikz.o
          CC arch-linux2-c-debug/obj/src/sys/classes/draw/impls/x/drawopenx.o
          CC arch-linux2-c-debug/obj/src/sys/classes/draw/impls/null/ftn-auto/drawnullf.o
          CC arch-linux2-c-debug/obj/src/sys/classes/draw/interface/draw.o
          CC arch-linux2-c-debug/obj/src/sys/classes/draw/impls/image/drawimage.o
          CC arch-linux2-c-debug/obj/src/sys/classes/draw/impls/null/drawnull.o
          CC arch-linux2-c-debug/obj/src/sys/classes/draw/impls/x/xtone.o
          CC arch-linux2-c-debug/obj/src/sys/classes/draw/impls/x/xtext.o
          CC arch-linux2-c-debug/obj/src/sys/classes/draw/impls/x/ximage.o
          CC arch-linux2-c-debug/obj/src/sys/classes/draw/interface/dcoor.o
          CC arch-linux2-c-debug/obj/src/sys/classes/draw/impls/x/xcolor.o
          CC arch-linux2-c-debug/obj/src/sys/classes/draw/impls/x/xinit.o
          CC arch-linux2-c-debug/obj/src/sys/classes/draw/interface/dtext.o
          CC arch-linux2-c-debug/obj/src/sys/classes/draw/impls/x/xops.o
          CC arch-linux2-c-debug/obj/src/sys/classes/draw/interface/dpoint.o
          CC arch-linux2-c-debug/obj/src/sys/classes/draw/interface/dpause.o
          CC arch-linux2-c-debug/obj/src/sys/classes/draw/interface/dflush.o
          CC arch-linux2-c-debug/obj/src/sys/classes/draw/interface/dclear.o
          CC arch-linux2-c-debug/obj/src/sys/classes/draw/interface/dmarker.o
          CC arch-linux2-c-debug/obj/src/sys/classes/draw/interface/dline.o
          CC arch-linux2-c-debug/obj/src/sys/classes/draw/interface/dsave.o
          CC arch-linux2-c-debug/obj/src/sys/classes/draw/interface/dmouse.o
          CC arch-linux2-c-debug/obj/src/sys/classes/draw/interface/drect.o
          CC arch-linux2-c-debug/obj/src/sys/classes/draw/interface/ftn-auto/dviewpf.o
          CC arch-linux2-c-debug/obj/src/sys/classes/draw/interface/dellipse.o
          CC arch-linux2-c-debug/obj/src/sys/classes/draw/interface/drawregall.o
          CC arch-linux2-c-debug/obj/src/sys/classes/draw/interface/ftn-auto/dpausef.o
          CC arch-linux2-c-debug/obj/src/sys/classes/draw/interface/ftn-auto/dclearf.o
          CC arch-linux2-c-debug/obj/src/sys/classes/draw/interface/drawreg.o
          CC arch-linux2-c-debug/obj/src/sys/classes/draw/interface/dviewp.o
          CC arch-linux2-c-debug/obj/src/sys/classes/draw/interface/dtri.o
          CC arch-linux2-c-debug/obj/src/sys/classes/draw/interface/ftn-auto/dmousef.o
          CC arch-linux2-c-debug/obj/src/sys/classes/draw/interface/ftn-auto/dcoorf.o
          CC arch-linux2-c-debug/obj/src/sys/classes/draw/interface/ftn-auto/dsavef.o
          CC arch-linux2-c-debug/obj/src/sys/classes/draw/interface/ftn-auto/dlinef.o
          CC arch-linux2-c-debug/obj/src/sys/classes/draw/interface/ftn-auto/dtrif.o
          CC arch-linux2-c-debug/obj/src/sys/classes/draw/interface/ftn-auto/drawf.o
          CC arch-linux2-c-debug/obj/src/sys/classes/draw/interface/ftn-auto/dellipsef.o
          CC arch-linux2-c-debug/obj/src/sys/classes/draw/interface/ftn-auto/dtextf.o
          CC arch-linux2-c-debug/obj/src/sys/classes/draw/interface/ftn-auto/drectf.o
          CC arch-linux2-c-debug/obj/src/sys/classes/draw/interface/ftn-auto/dmarkerf.o
          CC arch-linux2-c-debug/obj/src/sys/classes/draw/interface/ftn-custom/zdrawf.o
          CC arch-linux2-c-debug/obj/src/sys/classes/draw/interface/ftn-custom/zdrawregf.o
          CC arch-linux2-c-debug/obj/src/sys/classes/draw/interface/ftn-auto/drawregf.o
          CC arch-linux2-c-debug/obj/src/sys/classes/draw/interface/ftn-auto/dflushf.o
          CC arch-linux2-c-debug/obj/src/sys/classes/draw/interface/ftn-custom/zdtextf.o
          CC arch-linux2-c-debug/obj/src/sys/classes/draw/interface/ftn-auto/dpointf.o
          CC arch-linux2-c-debug/obj/src/sys/classes/draw/interface/ftn-custom/zdtrif.o
          CC arch-linux2-c-debug/obj/src/sys/classes/draw/utils/axis.o
          CC arch-linux2-c-debug/obj/src/sys/classes/draw/utils/zoom.o
          CC arch-linux2-c-debug/obj/src/sys/classes/draw/utils/lg.o
          CC arch-linux2-c-debug/obj/src/sys/classes/draw/utils/dscatter.o
          CC arch-linux2-c-debug/obj/src/sys/classes/draw/utils/image.o
          CC arch-linux2-c-debug/obj/src/sys/classes/draw/utils/hists.o
          CC arch-linux2-c-debug/obj/src/sys/classes/draw/utils/ftn-custom/zaxisf.o
          CC arch-linux2-c-debug/obj/src/sys/classes/draw/utils/lgc.o
          CC arch-linux2-c-debug/obj/src/sys/classes/draw/utils/ftn-auto/lgf.o
          CC arch-linux2-c-debug/obj/src/sys/classes/draw/utils/bars.o
          CC arch-linux2-c-debug/obj/src/sys/classes/draw/utils/cmap.o
          CC arch-linux2-c-debug/obj/src/sys/classes/draw/utils/axisc.o
          CC arch-linux2-c-debug/obj/src/sys/classes/draw/utils/ftn-auto/lgcf.o
          CC arch-linux2-c-debug/obj/src/sys/classes/draw/utils/ftn-auto/axiscf.o
          CC arch-linux2-c-debug/obj/src/sys/classes/draw/utils/ftn-auto/dscatterf.o
          CC arch-linux2-c-debug/obj/src/sys/classes/draw/utils/ftn-custom/zzoomf.o
          CC arch-linux2-c-debug/obj/src/sys/classes/draw/utils/ftn-auto/barsf.o
          CC arch-linux2-c-debug/obj/src/sys/classes/draw/utils/ftn-custom/zlgcf.o
          CC arch-linux2-c-debug/obj/src/sys/classes/draw/utils/ftn-auto/histsf.o
          CC arch-linux2-c-debug/obj/src/sys/classes/viewer/interface/viewregall.o
          CC arch-linux2-c-debug/obj/src/sys/classes/viewer/interface/flush.o
          CC arch-linux2-c-debug/obj/src/sys/classes/gll/petscgll.o
          CC arch-linux2-c-debug/obj/src/sys/classes/viewer/interface/view.o
          CC arch-linux2-c-debug/obj/src/sys/classes/viewer/interface/viewa.o
          CC arch-linux2-c-debug/obj/src/sys/classes/viewer/interface/viewers.o
          CC arch-linux2-c-debug/obj/src/sys/classes/viewer/interface/dlregispetsc.o
          CC arch-linux2-c-debug/obj/src/sys/classes/viewer/interface/ftn-custom/zviewaf.o
          CC arch-linux2-c-debug/obj/src/sys/classes/viewer/interface/dupl.o
          CC arch-linux2-c-debug/obj/src/sys/classes/viewer/interface/viewreg.o
          CC arch-linux2-c-debug/obj/src/sys/classes/viewer/interface/ftn-custom/zviewasetf.o
          CC arch-linux2-c-debug/obj/src/sys/classes/viewer/impls/binary/ftn-auto/binvf.o
          CC arch-linux2-c-debug/obj/src/sys/classes/viewer/interface/ftn-auto/viewregf.o
          CC arch-linux2-c-debug/obj/src/sys/classes/viewer/interface/ftn-auto/viewf.o
          CC arch-linux2-c-debug/obj/src/sys/classes/viewer/interface/ftn-auto/duplf.o
          CC arch-linux2-c-debug/obj/src/sys/classes/viewer/impls/binary/ftn-custom/zbinvf.o
          CC arch-linux2-c-debug/obj/src/sys/classes/viewer/impls/draw/ftn-custom/zdrawvf.o
          CC arch-linux2-c-debug/obj/src/sys/classes/viewer/interface/ftn-auto/flushf.o
          CC arch-linux2-c-debug/obj/src/sys/classes/viewer/impls/binary/f90-custom/zbinvf90.o
          CC arch-linux2-c-debug/obj/src/sys/classes/viewer/impls/draw/ftn-auto/drawvf.o
          CC arch-linux2-c-debug/obj/src/sys/classes/viewer/impls/vtk/ftn-custom/zvtkvf.o
          CC arch-linux2-c-debug/obj/src/sys/classes/viewer/impls/string/ftn-custom/zstringvf.o
          CC arch-linux2-c-debug/obj/src/sys/classes/viewer/impls/glvis/ftn-auto/glvisf.o
          CC arch-linux2-c-debug/obj/src/sys/classes/viewer/impls/binary/binv.o
          CC arch-linux2-c-debug/obj/src/sys/classes/viewer/impls/draw/drawv.o
          CC arch-linux2-c-debug/obj/src/sys/classes/viewer/impls/string/stringv.o
          CC arch-linux2-c-debug/obj/src/sys/classes/viewer/impls/vtk/vtkv.o
          CC arch-linux2-c-debug/obj/src/sys/classes/viewer/impls/vu/petscvu.o
          CC arch-linux2-c-debug/obj/src/sys/classes/viewer/impls/ascii/ftn-auto/filevf.o
          CC arch-linux2-c-debug/obj/src/sys/classes/viewer/impls/ascii/vcreatea.o
          CC arch-linux2-c-debug/obj/src/sys/classes/viewer/impls/ascii/ftn-custom/zvcreatef.o
          CC arch-linux2-c-debug/obj/src/sys/classes/random/impls/rand/rand.o
          CC arch-linux2-c-debug/obj/src/sys/classes/viewer/impls/ascii/ftn-custom/zfilevf.o
          CC arch-linux2-c-debug/obj/src/sys/classes/random/impls/rand48/rand48.o
          CC arch-linux2-c-debug/obj/src/sys/classes/random/impls/rander48/rander48.o
          CC arch-linux2-c-debug/obj/src/sys/classes/viewer/impls/glvis/glvis.o
          CC arch-linux2-c-debug/obj/src/sys/classes/viewer/impls/ascii/filev.o
          CC arch-linux2-c-debug/obj/src/sys/classes/random/interface/random.o
          CC arch-linux2-c-debug/obj/src/sys/classes/random/interface/dlregisrand.o
          CC arch-linux2-c-debug/obj/src/sys/classes/viewer/impls/socket/ftn-custom/zsendf.o
          CC arch-linux2-c-debug/obj/src/sys/classes/random/interface/randreg.o
          CC arch-linux2-c-debug/obj/src/sys/classes/viewer/impls/socket/send.o
          CC arch-linux2-c-debug/obj/src/sys/classes/random/interface/ftn-custom/zrandomf.o
          CC arch-linux2-c-debug/obj/src/sys/classes/random/interface/ftn-auto/randomcf.o
          CC arch-linux2-c-debug/obj/src/sys/classes/random/interface/randomc.o
          CC arch-linux2-c-debug/obj/src/sys/classes/random/interface/ftn-auto/randomf.o
          CC arch-linux2-c-debug/obj/src/sys/classes/bag/ftn-auto/bagf.o
          CC arch-linux2-c-debug/obj/src/sys/classes/bag/ftn-custom/zbagf.o
          CC arch-linux2-c-debug/obj/src/sys/f90-src/f90_cwrap.o
          CC arch-linux2-c-debug/obj/src/vec/is/is/impls/stride/ftn-auto/stridef.o
          CC arch-linux2-c-debug/obj/src/sys/classes/bag/f90-custom/zbagf90.o
          CC arch-linux2-c-debug/obj/src/vec/is/is/impls/f90-custom/zblockf90.o
          CC arch-linux2-c-debug/obj/src/vec/is/is/impls/block/ftn-custom/zblockf.o
          CC arch-linux2-c-debug/obj/src/vec/is/is/impls/general/ftn-auto/generalf.o
          CC arch-linux2-c-debug/obj/src/sys/classes/bag/bag.o
          CC arch-linux2-c-debug/obj/src/vec/is/is/impls/block/ftn-auto/blockf.o
          CC arch-linux2-c-debug/obj/src/vec/is/is/interface/isreg.o
          CC arch-linux2-c-debug/obj/src/vec/is/is/interface/f90-custom/zindexf90.o
          CC arch-linux2-c-debug/obj/src/vec/is/is/interface/isregall.o
          CC arch-linux2-c-debug/obj/src/vec/is/is/impls/stride/stride.o
          CC arch-linux2-c-debug/obj/src/vec/is/is/impls/block/block.o
          CC arch-linux2-c-debug/obj/src/vec/is/is/interface/ftn-auto/isregf.o
          CC arch-linux2-c-debug/obj/src/vec/is/is/utils/iscomp.o
          CC arch-linux2-c-debug/obj/src/vec/is/is/interface/ftn-auto/indexf.o
          CC arch-linux2-c-debug/obj/src/vec/is/is/utils/isblock.o
          CC arch-linux2-c-debug/obj/src/vec/is/is/interface/ftn-custom/zindexf.o
          CC arch-linux2-c-debug/obj/src/vec/is/is/impls/general/general.o
          CC arch-linux2-c-debug/obj/src/vec/is/is/utils/ftn-auto/isdifff.o
          CC arch-linux2-c-debug/obj/src/vec/is/is/interface/index.o
          CC arch-linux2-c-debug/obj/src/vec/is/is/utils/f90-custom/ziscoloringf90.o
          CC arch-linux2-c-debug/obj/src/vec/is/is/utils/ftn-auto/isblockf.o
          CC arch-linux2-c-debug/obj/src/vec/is/is/utils/ftn-auto/iscompf.o
          CC arch-linux2-c-debug/obj/src/vec/is/is/utils/iscoloring.o
          CC arch-linux2-c-debug/obj/src/vec/is/is/utils/isdiff.o
          CC arch-linux2-c-debug/obj/src/vec/is/is/utils/ftn-auto/iscoloringf.o
          CC arch-linux2-c-debug/obj/src/vec/is/is/utils/ftn-custom/ziscoloringf.o
          CC arch-linux2-c-debug/obj/src/vec/is/ao/interface/aoregall.o
          CC arch-linux2-c-debug/obj/src/vec/is/ao/interface/dlregisdm.o
          CC arch-linux2-c-debug/obj/src/vec/is/ao/interface/aoreg.o
          CC arch-linux2-c-debug/obj/src/vec/is/ao/interface/ftn-custom/zaof.o
          CC arch-linux2-c-debug/obj/src/vec/is/ao/interface/ftn-auto/aof.o
          CC arch-linux2-c-debug/obj/src/vec/is/ao/impls/mapping/ftn-custom/zaomappingf.o
          CC arch-linux2-c-debug/obj/src/vec/is/ao/impls/mapping/aomapping.o
          CC arch-linux2-c-debug/obj/src/vec/is/ao/impls/mapping/ftn-auto/aomappingf.o
          CC arch-linux2-c-debug/obj/src/vec/is/ao/interface/ao.o
          CC arch-linux2-c-debug/obj/src/vec/is/ao/impls/basic/ftn-custom/zaobasicf.o
          CC arch-linux2-c-debug/obj/src/vec/is/sf/interface/sfregi.o
          CC arch-linux2-c-debug/obj/src/vec/is/sf/interface/dlregissf.o
          CC arch-linux2-c-debug/obj/src/vec/is/ao/impls/memscalable/aomemscalable.o
          CC arch-linux2-c-debug/obj/src/vec/is/sf/interface/ftn-custom/zsf.o
          CC arch-linux2-c-debug/obj/src/vec/is/ao/impls/basic/aobasic.o
          CC arch-linux2-c-debug/obj/src/vec/is/sf/interface/sftype.o
          CC arch-linux2-c-debug/obj/src/vec/is/utils/pmap.o
          CC arch-linux2-c-debug/obj/src/vec/is/sf/impls/window/sfwindow.o
          CC arch-linux2-c-debug/obj/src/vec/is/utils/ftn-auto/isltogf.o
          CC arch-linux2-c-debug/obj/src/vec/is/sf/interface/ftn-auto/sff.o
          CC arch-linux2-c-debug/obj/src/vec/is/utils/isio.o
          CC arch-linux2-c-debug/obj/src/vec/is/sf/interface/sf.o
          CC arch-linux2-c-debug/obj/src/vec/is/utils/ftn-auto/pmapf.o
          CC arch-linux2-c-debug/obj/src/vec/is/utils/ftn-auto/vsectionisf.o
          CC arch-linux2-c-debug/obj/src/vec/is/utils/f90-custom/zisltogf90.o
          CC arch-linux2-c-debug/obj/src/vec/is/utils/ftn-custom/zisltogf.o
          CC arch-linux2-c-debug/obj/src/vec/is/utils/f90-custom/zvsectionisf90.o
          CC arch-linux2-c-debug/obj/src/vec/is/utils/ftn-custom/zvsectionisf.o
          CC arch-linux2-c-debug/obj/src/vec/pf/impls/string/cstring.o
          CC arch-linux2-c-debug/obj/src/vec/pf/interface/ftn-auto/pff.o
          CC arch-linux2-c-debug/obj/src/vec/pf/impls/constant/const.o
          CC arch-linux2-c-debug/obj/src/vec/vec/impls/nest/ftn-custom/zvecnestf.o
          CC arch-linux2-c-debug/obj/src/vec/pf/interface/pf.o
          CC arch-linux2-c-debug/obj/src/vec/pf/interface/pfall.o
          CC arch-linux2-c-debug/obj/src/vec/vec/impls/shared/shvec.o
          CC arch-linux2-c-debug/obj/src/vec/vec/impls/nest/ftn-auto/vecnestf.o
          CC arch-linux2-c-debug/obj/src/vec/vec/impls/shared/ftn-auto/shvecf.o
          CC arch-linux2-c-debug/obj/src/vec/vec/impls/mpi/ftn-custom/zpbvecf.o
          CC arch-linux2-c-debug/obj/src/vec/vec/impls/mpi/vmpicr.o
          CC arch-linux2-c-debug/obj/src/vec/is/utils/isltog.o
          CC arch-linux2-c-debug/obj/src/vec/vec/impls/mpi/commonmpvec.o
          CC arch-linux2-c-debug/obj/src/vec/is/utils/vsectionis.o
          CC arch-linux2-c-debug/obj/src/vec/vec/impls/mpi/ftn-auto/pbvecf.o
          CC arch-linux2-c-debug/obj/src/vec/vec/impls/mpi/ftn-auto/commonmpvecf.o
          CC arch-linux2-c-debug/obj/src/vec/vec/impls/mpi/ftn-auto/vmpicrf.o
          CC arch-linux2-c-debug/obj/src/vec/vec/impls/seq/vseqcr.o
          CC arch-linux2-c-debug/obj/src/vec/vec/impls/mpi/pbvec.o
          CC arch-linux2-c-debug/obj/src/vec/vec/impls/mpi/pvec2.o
          CC arch-linux2-c-debug/obj/src/vec/vec/impls/seq/bvec1.o
          CC arch-linux2-c-debug/obj/src/vec/is/sf/impls/basic/sfbasic.o
          CC arch-linux2-c-debug/obj/src/vec/vec/impls/nest/vecnest.o
          CC arch-linux2-c-debug/obj/src/vec/vec/impls/seq/bvec3.o
          CC arch-linux2-c-debug/obj/src/vec/vec/impls/seq/ftn-auto/vseqcrf.o
          CC arch-linux2-c-debug/obj/src/vec/vec/impls/mpi/pdvec.o
          CC arch-linux2-c-debug/obj/src/vec/vec/impls/seq/ftn-custom/zbvec2f.o
          CC arch-linux2-c-debug/obj/src/vec/vec/impls/seq/ftn-custom/zvsectionf.o
          CC arch-linux2-c-debug/obj/src/vec/vec/interface/vecreg.o
          CC arch-linux2-c-debug/obj/src/vec/vec/interface/vecregall.o
          CC arch-linux2-c-debug/obj/src/vec/vec/impls/seq/dvec2.o
          CC arch-linux2-c-debug/obj/src/vec/vec/interface/veccreate.o
          CC arch-linux2-c-debug/obj/src/vec/vec/interface/ftn-auto/veccreatef.o
          CC arch-linux2-c-debug/obj/src/vec/vec/interface/ftn-custom/zvecregf.o
          CC arch-linux2-c-debug/obj/src/vec/vec/interface/ftn-auto/vectorf.o
          CC arch-linux2-c-debug/obj/src/vec/vec/interface/dlregisvec.o
          CC arch-linux2-c-debug/obj/src/vec/vec/interface/f90-custom/zvectorf90.o
          CC arch-linux2-c-debug/obj/src/vec/vec/impls/seq/bvec2.o
          CC arch-linux2-c-debug/obj/src/vec/vec/interface/ftn-custom/zvectorf.o
          CC arch-linux2-c-debug/obj/src/vec/vec/interface/ftn-auto/rvectorf.o
          CC arch-linux2-c-debug/obj/src/vec/vec/utils/vecio.o
          CC arch-linux2-c-debug/obj/src/vec/vec/utils/vecs.o
          CC arch-linux2-c-debug/obj/src/vec/vec/utils/vecmpitoseq.o
          CC arch-linux2-c-debug/obj/src/vec/vec/utils/vecstash.o
          CC arch-linux2-c-debug/obj/src/vec/vec/utils/vecglvis.o
          CC arch-linux2-c-debug/obj/src/vec/vec/utils/ftn-auto/vpscatf.o
          CC arch-linux2-c-debug/obj/src/vec/vec/interface/vector.o
          CC arch-linux2-c-debug/obj/src/vec/vec/utils/comb.o
          CC arch-linux2-c-debug/obj/src/vec/vec/utils/vsection.o
          CC arch-linux2-c-debug/obj/src/vec/vec/utils/f90-custom/zvsectionf90.o
          CC arch-linux2-c-debug/obj/src/vec/vec/utils/ftn-auto/veciof.o
          CC arch-linux2-c-debug/obj/src/vec/vec/utils/ftn-auto/vscatf.o
          CC arch-linux2-c-debug/obj/src/vec/vec/utils/vscat.o
          CC arch-linux2-c-debug/obj/src/vec/vec/utils/projection.o
          CC arch-linux2-c-debug/obj/src/vec/vec/utils/vinv.o
          CC arch-linux2-c-debug/obj/src/vec/vec/utils/ftn-auto/combf.o
          CC arch-linux2-c-debug/obj/src/vec/vec/interface/rvector.o
          CC arch-linux2-c-debug/obj/src/vec/vec/utils/ftn-auto/projectionf.o
          CC arch-linux2-c-debug/obj/src/vec/vec/utils/ftn-custom/zvscatf.o
          CC arch-linux2-c-debug/obj/src/vec/vec/utils/ftn-auto/vinvf.o
          CC arch-linux2-c-debug/obj/src/vec/vec/utils/tagger/impls/absolute.o
          CC arch-linux2-c-debug/obj/src/vec/vec/utils/tagger/impls/relative.o
          CC arch-linux2-c-debug/obj/src/vec/vec/utils/tagger/impls/simple.o
          CC arch-linux2-c-debug/obj/src/vec/vec/utils/tagger/impls/andor.o
          CC arch-linux2-c-debug/obj/src/vec/vec/utils/tagger/impls/cdf.o
          CC arch-linux2-c-debug/obj/src/vec/vec/utils/tagger/impls/or.o
          CC arch-linux2-c-debug/obj/src/vec/vec/utils/tagger/impls/and.o
          CC arch-linux2-c-debug/obj/src/vec/vec/utils/tagger/interface/taggerregi.o
          CC arch-linux2-c-debug/obj/src/vec/vec/utils/tagger/interface/tagger.o
          CC arch-linux2-c-debug/obj/src/mat/ftn-custom/zmat.o
          CC arch-linux2-c-debug/obj/src/vec/vec/utils/tagger/interface/dlregistagger.o
          CC arch-linux2-c-debug/obj/src/mat/color/impls/minpack/dsm.o
          CC arch-linux2-c-debug/obj/src/mat/color/impls/minpack/degr.o
          CC arch-linux2-c-debug/obj/src/vec/vec/utils/tagger/interface/ftn-auto/taggerf.o
          CC arch-linux2-c-debug/obj/src/mat/color/impls/minpack/setr.o
          CC arch-linux2-c-debug/obj/src/mat/color/impls/minpack/seq.o
          CC arch-linux2-c-debug/obj/src/mat/color/impls/minpack/ido.o
          CC arch-linux2-c-debug/obj/src/mat/color/impls/minpack/numsrt.o
          CC arch-linux2-c-debug/obj/src/mat/color/interface/ftn-custom/zmatcoloringf.o
          CC arch-linux2-c-debug/obj/src/mat/color/impls/minpack/slo.o
          CC arch-linux2-c-debug/obj/src/mat/color/interface/ftn-auto/matcoloringf.o
          CC arch-linux2-c-debug/obj/src/mat/color/impls/minpack/color.o
          CC arch-linux2-c-debug/obj/src/mat/color/impls/power/power.o
          CC arch-linux2-c-debug/obj/src/mat/color/impls/natural/natural.o
          CC arch-linux2-c-debug/obj/src/mat/color/interface/matcoloringregi.o
          CC arch-linux2-c-debug/obj/src/mat/color/interface/matcoloring.o
          CC arch-linux2-c-debug/obj/src/mat/color/impls/jp/jp.o
          CC arch-linux2-c-debug/obj/src/mat/color/utils/bipartite.o
          CC arch-linux2-c-debug/obj/src/mat/color/impls/greedy/greedy.o
          CC arch-linux2-c-debug/obj/src/mat/partition/spartition.o
          CC arch-linux2-c-debug/obj/src/mat/partition/ftn-auto/partitionf.o
          CC arch-linux2-c-debug/obj/src/vec/vec/utils/vpscat.o
          CC arch-linux2-c-debug/obj/src/mat/color/utils/valid.o
          CC arch-linux2-c-debug/obj/src/mat/color/utils/weights.o
          CC arch-linux2-c-debug/obj/src/mat/partition/partition.o
          CC arch-linux2-c-debug/obj/src/mat/order/spqmd.o
          CC arch-linux2-c-debug/obj/src/mat/order/sprcm.o
          CC arch-linux2-c-debug/obj/src/mat/partition/ftn-custom/zpartitionf.o
          CC arch-linux2-c-debug/obj/src/mat/order/spnd.o
          CC arch-linux2-c-debug/obj/src/mat/order/qmdqt.o
          CC arch-linux2-c-debug/obj/src/mat/partition/impls/hierarchical/hierarchical.o
          CC arch-linux2-c-debug/obj/src/mat/order/sp1wd.o
          CC arch-linux2-c-debug/obj/src/mat/order/spectral.o
          CC arch-linux2-c-debug/obj/src/mat/order/genqmd.o
          CC arch-linux2-c-debug/obj/src/mat/order/sorder.o
          CC arch-linux2-c-debug/obj/src/mat/order/degree.o
          CC arch-linux2-c-debug/obj/src/mat/order/fnroot.o
          CC arch-linux2-c-debug/obj/src/mat/order/gen1wd.o
          CC arch-linux2-c-debug/obj/src/mat/order/rcm.o
          CC arch-linux2-c-debug/obj/src/mat/order/sregis.o
          CC arch-linux2-c-debug/obj/src/mat/order/genrcm.o
          CC arch-linux2-c-debug/obj/src/mat/order/ftn-auto/spectralf.o
          CC arch-linux2-c-debug/obj/src/mat/order/rootls.o
          CC arch-linux2-c-debug/obj/src/mat/order/qmdrch.o
          CC arch-linux2-c-debug/obj/src/mat/order/ftn-custom/zsorderf.o
          CC arch-linux2-c-debug/obj/src/mat/order/fn1wd.o
          CC arch-linux2-c-debug/obj/src/mat/order/gennd.o
          CC arch-linux2-c-debug/obj/src/mat/order/wbm.o
          CC arch-linux2-c-debug/obj/src/mat/order/fndsep.o
          CC arch-linux2-c-debug/obj/src/mat/order/qmdmrg.o
          CC arch-linux2-c-debug/obj/src/mat/order/qmdupd.o
          CC arch-linux2-c-debug/obj/src/mat/coarsen/ftn-auto/coarsenf.o
          CC arch-linux2-c-debug/obj/src/mat/coarsen/scoarsen.o
          CC arch-linux2-c-debug/obj/src/mat/impls/is/ftn-auto/matisf.o
          CC arch-linux2-c-debug/obj/src/mat/impls/submat/ftn-auto/submatf.o
          CC arch-linux2-c-debug/obj/src/mat/impls/baij/seq/dgefa.o
          CC arch-linux2-c-debug/obj/src/mat/coarsen/coarsen.o
          CC arch-linux2-c-debug/obj/src/mat/coarsen/impls/mis/mis.o
          CC arch-linux2-c-debug/obj/src/mat/impls/baij/seq/dgedi.o
          CC arch-linux2-c-debug/obj/src/mat/impls/fft/fft.o
          CC arch-linux2-c-debug/obj/src/mat/impls/fft/ftn-custom/zfftf.o
          CC arch-linux2-c-debug/obj/src/mat/impls/baij/seq/dgefa3.o
          CC arch-linux2-c-debug/obj/src/mat/impls/baij/seq/dgefa4.o
          CC arch-linux2-c-debug/obj/src/mat/impls/submat/submat.o
          CC arch-linux2-c-debug/obj/src/mat/impls/baij/seq/dgefa5.o
          CC arch-linux2-c-debug/obj/src/mat/impls/baij/seq/dgefa6.o
          CC arch-linux2-c-debug/obj/src/mat/impls/baij/seq/dgefa7.o
          CC arch-linux2-c-debug/obj/src/mat/coarsen/impls/hem/hem.o
          CC arch-linux2-c-debug/obj/src/mat/impls/baij/seq/dgefa2.o
          CC arch-linux2-c-debug/obj/src/mat/impls/baij/seq/aijbaij.o
          CC arch-linux2-c-debug/obj/src/mat/impls/baij/seq/baijfact2.o
          CC arch-linux2-c-debug/obj/src/mat/impls/baij/seq/baijfact4.o
          CC arch-linux2-c-debug/obj/src/mat/impls/baij/seq/baijfact3.o
          CC arch-linux2-c-debug/obj/src/mat/impls/baij/seq/ftn-auto/baijf.o
          CC arch-linux2-c-debug/obj/src/mat/impls/baij/seq/ftn-custom/zbaijf.o
          CC arch-linux2-c-debug/obj/src/mat/impls/baij/mpi/ftn-custom/zmpibaijf.o
          CC arch-linux2-c-debug/obj/src/mat/impls/baij/seq/baijfact13.o
          CC arch-linux2-c-debug/obj/src/mat/impls/baij/seq/baijfact.o
          CC arch-linux2-c-debug/obj/src/mat/impls/baij/mpi/mmbaij.o
          CC arch-linux2-c-debug/obj/src/mat/impls/dense/seq/ftn-custom/zdensef.o
          CC arch-linux2-c-debug/obj/src/mat/impls/baij/mpi/ftn-auto/mpibaijf.o
          CC arch-linux2-c-debug/obj/src/mat/impls/baij/seq/baij2.o
          CC arch-linux2-c-debug/obj/src/mat/impls/is/matis.o
          CC arch-linux2-c-debug/obj/src/mat/impls/baij/mpi/mpb_baij.o
          CC arch-linux2-c-debug/obj/src/mat/impls/baij/seq/baijfact11.o
          CC arch-linux2-c-debug/obj/src/mat/impls/baij/seq/baijfact7.o
          CC arch-linux2-c-debug/obj/src/mat/impls/baij/seq/baijfact5.o
          CC arch-linux2-c-debug/obj/src/mat/impls/baij/seq/baijsolv.o
          CC arch-linux2-c-debug/obj/src/mat/impls/baij/seq/baijfact9.o
          CC arch-linux2-c-debug/obj/src/mat/impls/baij/mpi/baijov.o
          CC arch-linux2-c-debug/obj/src/mat/impls/baij/seq/baijsolvtrannat.o
          CC arch-linux2-c-debug/obj/src/mat/impls/baij/seq/baijsolvtran.o
          CC arch-linux2-c-debug/obj/src/mat/impls/dense/mpi/ftn-auto/mpidensef.o
          CC arch-linux2-c-debug/obj/src/mat/impls/dense/mpi/ftn-custom/zmpidensef.o
          CC arch-linux2-c-debug/obj/src/mat/impls/baij/seq/baijsolvnat.o
          CC arch-linux2-c-debug/obj/src/mat/impls/normal/ftn-auto/normmf.o
          CC arch-linux2-c-debug/obj/src/mat/impls/mffd/mfregis.o
          CC arch-linux2-c-debug/obj/src/mat/impls/normal/ftn-auto/normmhf.o
          CC arch-linux2-c-debug/obj/src/mat/impls/mffd/ftn-auto/mffddeff.o
          CC arch-linux2-c-debug/obj/src/mat/impls/normal/normm.o
          CC arch-linux2-c-debug/obj/src/mat/impls/dense/mpi/mmdense.o
          CC arch-linux2-c-debug/obj/src/mat/impls/baij/seq/baij.o
          CC arch-linux2-c-debug/obj/src/mat/impls/mffd/mffddef.o
          CC arch-linux2-c-debug/obj/src/mat/impls/normal/normmh.o
          CC arch-linux2-c-debug/obj/src/mat/impls/python/ftn-custom/zpythonmf.o
          CC arch-linux2-c-debug/obj/src/mat/impls/dense/mpi/mpidense.o
          CC arch-linux2-c-debug/obj/src/mat/impls/mffd/mffd.o
          CC arch-linux2-c-debug/obj/src/mat/impls/maij/ftn-auto/maijf.o
          CC arch-linux2-c-debug/obj/src/mat/impls/mffd/ftn-auto/wpf.o
          CC arch-linux2-c-debug/obj/src/mat/impls/adj/mpi/ftn-auto/mpiadjf.o
          CC arch-linux2-c-debug/obj/src/mat/impls/mffd/ftn-custom/zmffdf.o
          CC arch-linux2-c-debug/obj/src/mat/impls/mffd/ftn-auto/mffdf.o
          CC arch-linux2-c-debug/obj/src/mat/impls/python/pythonmat.o
          CC arch-linux2-c-debug/obj/src/mat/impls/adj/mpi/ftn-custom/zmpiadjf.o
          CC arch-linux2-c-debug/obj/src/mat/impls/mffd/wp.o
          CC arch-linux2-c-debug/obj/src/mat/impls/lrc/lrc.o
          CC arch-linux2-c-debug/obj/src/mat/impls/lrc/ftn-auto/lrcf.o
          CC arch-linux2-c-debug/obj/src/mat/impls/adj/mpi/mpiadj.o
          CC arch-linux2-c-debug/obj/src/mat/impls/baij/mpi/mpibaij.o
          CC arch-linux2-c-debug/obj/src/mat/impls/dense/seq/dense.o
          CC arch-linux2-c-debug/obj/src/mat/impls/shell/shellcnv.o
          CC arch-linux2-c-debug/obj/src/mat/impls/shell/ftn-auto/shellf.o
          CC arch-linux2-c-debug/obj/src/mat/impls/shell/ftn-custom/zshellf.o
          CC arch-linux2-c-debug/obj/src/mat/impls/composite/ftn-auto/mcompositef.o
          CC arch-linux2-c-debug/obj/src/mat/impls/nest/ftn-auto/matnestf.o
          CC arch-linux2-c-debug/obj/src/mat/impls/nest/ftn-custom/zmatnestf.o
          CC arch-linux2-c-debug/obj/src/mat/impls/shell/shell.o
          CC arch-linux2-c-debug/obj/src/mat/impls/composite/mcomposite.o
          CC arch-linux2-c-debug/obj/src/mat/impls/dummy/matdummy.o
          CC arch-linux2-c-debug/obj/src/mat/impls/transpose/htransm.o
          CC arch-linux2-c-debug/obj/src/mat/impls/transpose/ftn-auto/transmf.o
          CC arch-linux2-c-debug/obj/src/mat/impls/transpose/ftn-auto/htransmf.o
          CC arch-linux2-c-debug/obj/src/mat/impls/localref/ftn-auto/mlocalreff.o
          CC arch-linux2-c-debug/obj/src/mat/impls/transpose/transm.o
          CC arch-linux2-c-debug/obj/src/mat/impls/localref/mlocalref.o
          CC arch-linux2-c-debug/obj/src/mat/impls/sbaij/seq/sro.o
          CC arch-linux2-c-debug/obj/src/mat/impls/sbaij/seq/sbaijfact4.o
          CC arch-linux2-c-debug/obj/src/mat/impls/sbaij/seq/sbaijfact3.o
          CC arch-linux2-c-debug/obj/src/mat/impls/sbaij/seq/sbaijfact5.o
          CC arch-linux2-c-debug/obj/src/mat/impls/sbaij/seq/ftn-custom/zsbaijf.o
          CC arch-linux2-c-debug/obj/src/mat/impls/sbaij/seq/ftn-auto/sbaijf.o
          CC arch-linux2-c-debug/obj/src/mat/impls/sbaij/seq/sbaijfact6.o
          CC arch-linux2-c-debug/obj/src/mat/impls/maij/maij.o
          CC arch-linux2-c-debug/obj/src/mat/impls/blockmat/seq/blockmat.o
          CC arch-linux2-c-debug/obj/src/mat/impls/sbaij/seq/aijsbaij.o
          CC arch-linux2-c-debug/obj/src/mat/impls/nest/matnest.o
          CC arch-linux2-c-debug/obj/src/mat/impls/sbaij/seq/sbaijfact8.o
          CC arch-linux2-c-debug/obj/src/mat/impls/sbaij/mpi/mmsbaij.o
          CC arch-linux2-c-debug/obj/src/mat/impls/sbaij/seq/sbaijfact7.o
          CC arch-linux2-c-debug/obj/src/mat/impls/sbaij/seq/sbaijfact9.o
          CC arch-linux2-c-debug/obj/src/mat/impls/sbaij/mpi/ftn-custom/zmpisbaijf.o
          CC arch-linux2-c-debug/obj/src/mat/impls/sbaij/seq/sbaijfact11.o
          CC arch-linux2-c-debug/obj/src/mat/impls/sbaij/seq/sbaijfact12.o
          CC arch-linux2-c-debug/obj/src/mat/impls/sbaij/mpi/ftn-auto/mpisbaijf.o
          CC arch-linux2-c-debug/obj/src/mat/impls/sbaij/seq/sbaijfact.o
          CC arch-linux2-c-debug/obj/src/mat/impls/sbaij/mpi/mpiaijsbaij.o
          CC arch-linux2-c-debug/obj/src/mat/impls/sbaij/seq/sbaijfact10.o
          CC arch-linux2-c-debug/obj/src/mat/impls/sbaij/seq/sbaij2.o
          CC arch-linux2-c-debug/obj/src/mat/impls/sbaij/mpi/sbaijov.o
          CC arch-linux2-c-debug/obj/src/mat/impls/sbaij/seq/sbaij.o
          CC arch-linux2-c-debug/obj/src/mat/impls/aij/seq/ij.o
          CC arch-linux2-c-debug/obj/src/mat/impls/sbaij/seq/sbaijfact2.o
          CC arch-linux2-c-debug/obj/src/mat/impls/aij/seq/ftn-custom/zaijf.o
          CC arch-linux2-c-debug/obj/src/mat/impls/aij/seq/symtranspose.o
          CC arch-linux2-c-debug/obj/src/mat/impls/aij/seq/inode2.o
          CC arch-linux2-c-debug/obj/src/mat/impls/aij/seq/matptap.o
          CC arch-linux2-c-debug/obj/src/mat/impls/aij/seq/matrart.o
          CC arch-linux2-c-debug/obj/src/mat/impls/aij/seq/fdaij.o
          CC arch-linux2-c-debug/obj/src/mat/impls/aij/seq/matmatmatmult.o
          CC arch-linux2-c-debug/obj/src/mat/impls/aij/seq/mattransposematmult.o
Use "/usr/bin/make V=1" to see verbose compile lines, "/usr/bin/make V=0" to suppress.
          FC arch-linux2-c-debug/obj/src/sys/f90-mod/petscsysmod.o
          CC arch-linux2-c-debug/obj/src/mat/impls/aij/seq/ftn-auto/aijf.o
          CC arch-linux2-c-debug/obj/src/mat/impls/aij/seq/bas/basfactor.o
          CC arch-linux2-c-debug/obj/src/mat/impls/aij/seq/csrperm/csrperm.o
          CC arch-linux2-c-debug/obj/src/mat/impls/aij/mpi/mpiaijpc.o
          CC arch-linux2-c-debug/obj/src/mat/impls/sbaij/mpi/mpisbaij.o
          CC arch-linux2-c-debug/obj/src/mat/impls/aij/mpi/mmaij.o
          CC arch-linux2-c-debug/obj/src/mat/impls/aij/seq/crl/crl.o
          CC arch-linux2-c-debug/obj/src/mat/impls/aij/seq/bas/spbas.o
          CC arch-linux2-c-debug/obj/src/mat/impls/aij/seq/matmatmult.o
          CC arch-linux2-c-debug/obj/src/mat/impls/aij/mpi/fdmpiaij.o
          CC arch-linux2-c-debug/obj/src/mat/impls/aij/mpi/ftn-custom/zmpiaijf.o
          CC arch-linux2-c-debug/obj/src/mat/interface/mhas.o
          CC arch-linux2-c-debug/obj/src/mat/impls/scatter/ftn-auto/mscatterf.o
          CC arch-linux2-c-debug/obj/src/mat/impls/aij/seq/aijfact.o
          CC arch-linux2-c-debug/obj/src/mat/matfd/ftn-auto/fdmatrixf.o
          CC arch-linux2-c-debug/obj/src/mat/impls/aij/mpi/ftn-auto/mpiaijf.o
          CC arch-linux2-c-debug/obj/src/mat/impls/preallocator/ftn-auto/matpreallocatorf.o
          CC arch-linux2-c-debug/obj/src/mat/matfd/ftn-custom/zfdmatrixf.o
          CC arch-linux2-c-debug/obj/src/mat/impls/aij/mpi/csrperm/mpicsrperm.o
          CC arch-linux2-c-debug/obj/src/mat/impls/aij/mpi/mpb_aij.o
          CC arch-linux2-c-debug/obj/src/mat/impls/aij/mpi/crl/mcrl.o
          CC arch-linux2-c-debug/obj/src/mat/impls/scatter/mscatter.o
          CC arch-linux2-c-debug/obj/src/mat/impls/preallocator/matpreallocator.o
          CC arch-linux2-c-debug/obj/src/mat/matfd/fdmatrix.o
          CC arch-linux2-c-debug/obj/src/mat/interface/matreg.o
          CC arch-linux2-c-debug/obj/src/mat/impls/aij/mpi/mpimatmatmatmult.o
          CC arch-linux2-c-debug/obj/src/mat/impls/aij/mpi/mpimattransposematmult.o
          CC arch-linux2-c-debug/obj/src/mat/impls/aij/mpi/mpiptap.o
          CC arch-linux2-c-debug/obj/src/mat/interface/matregis.o
          CC arch-linux2-c-debug/obj/src/mat/impls/aij/seq/inode.o
          CC arch-linux2-c-debug/obj/src/mat/impls/aij/seq/aij.o
          CC arch-linux2-c-debug/obj/src/mat/impls/aij/mpi/mpiov.o
          CC arch-linux2-c-debug/obj/src/mat/interface/dlregismat.o
          CC arch-linux2-c-debug/obj/src/mat/interface/ftn-auto/matnullf.o
          CC arch-linux2-c-debug/obj/src/mat/interface/ftn-auto/matrixf.o
          CC arch-linux2-c-debug/obj/src/mat/interface/matnull.o
          CC arch-linux2-c-debug/obj/src/mat/interface/ftn-custom/zmatnullf.o
          CC arch-linux2-c-debug/obj/src/mat/interface/ftn-custom/zmatregf.o
          CC arch-linux2-c-debug/obj/src/mat/impls/aij/mpi/mpimatmatmult.o
          CC arch-linux2-c-debug/obj/src/mat/utils/freespace.o
          CC arch-linux2-c-debug/obj/src/mat/utils/convert.o
          CC arch-linux2-c-debug/obj/src/mat/utils/compressedrow.o
          CC arch-linux2-c-debug/obj/src/mat/interface/ftn-auto/mhasf.o
          CC arch-linux2-c-debug/obj/src/mat/interface/ftn-custom/zmatrixf.o
          CC arch-linux2-c-debug/obj/src/mat/interface/f90-custom/zmatrixf90.o
          CC arch-linux2-c-debug/obj/src/mat/utils/zerodiag.o
          CC arch-linux2-c-debug/obj/src/mat/utils/pheap.o
          CC arch-linux2-c-debug/obj/src/mat/utils/axpy.o
          CC arch-linux2-c-debug/obj/src/mat/utils/gcreate.o
          CC arch-linux2-c-debug/obj/src/mat/utils/matstash.o
          CC arch-linux2-c-debug/obj/src/mat/utils/getcolv.o
          CC arch-linux2-c-debug/obj/src/mat/utils/bandwidth.o
          CC arch-linux2-c-debug/obj/src/mat/utils/matstashspace.o
          CC arch-linux2-c-debug/obj/src/mat/utils/factorschur.o
          CC arch-linux2-c-debug/obj/src/mat/utils/multequal.o
          CC arch-linux2-c-debug/obj/src/mat/utils/ftn-auto/bandwidthf.o
          CC arch-linux2-c-debug/obj/src/mat/utils/overlapsplit.o
          CC arch-linux2-c-debug/obj/src/mat/utils/zerorows.o
          CC arch-linux2-c-debug/obj/src/mat/utils/ftn-auto/gcreatef.o
          CC arch-linux2-c-debug/obj/src/dm/label/ftn-custom/zdmlabel.o
          CC arch-linux2-c-debug/obj/src/mat/utils/ftn-auto/zerodiagf.o
          CC arch-linux2-c-debug/obj/src/mat/utils/ftn-auto/getcolvf.o
          CC arch-linux2-c-debug/obj/src/mat/utils/ftn-auto/multequalf.o
          CC arch-linux2-c-debug/obj/src/mat/utils/ftn-auto/axpyf.o
          CC arch-linux2-c-debug/obj/src/dm/label/ftn-auto/dmlabelf.o
          CC arch-linux2-c-debug/obj/src/mat/impls/aij/mpi/mpiaij.o
          CC arch-linux2-c-debug/obj/src/dm/interface/ftn-auto/dmgetf.o
          CC arch-linux2-c-debug/obj/src/dm/interface/ftn-custom/zdmgetf.o
          CC arch-linux2-c-debug/obj/src/dm/interface/dmi.o
          CC arch-linux2-c-debug/obj/src/dm/label/dmlabel.o
          CC arch-linux2-c-debug/obj/src/dm/interface/dmget.o
          CC arch-linux2-c-debug/obj/src/dm/impls/shell/ftn-auto/dmshellf.o
          CC arch-linux2-c-debug/obj/src/dm/interface/ftn-custom/zdmf.o
          CC arch-linux2-c-debug/obj/src/dm/impls/network/networkmonitor.o
          CC arch-linux2-c-debug/obj/src/dm/interface/ftn-auto/dmf.o
          CC arch-linux2-c-debug/obj/src/dm/impls/network/ftn-auto/networkf.o
          CC arch-linux2-c-debug/obj/src/dm/impls/shell/ftn-custom/zdmshellf.o
          CC arch-linux2-c-debug/obj/src/dm/interface/dmregall.o
          CC arch-linux2-c-debug/obj/src/dm/impls/network/ftn-auto/networkmonitorf.o
          CC arch-linux2-c-debug/obj/src/dm/impls/network/ftn-auto/networkcreatef.o
          CC arch-linux2-c-debug/obj/src/mat/interface/matrix.o
          CC arch-linux2-c-debug/obj/src/dm/impls/composite/f90-custom/zfddaf90.o
          CC arch-linux2-c-debug/obj/src/dm/impls/composite/ftn-custom/zfddaf.o
          CC arch-linux2-c-debug/obj/src/dm/impls/composite/ftn-auto/packf.o
          CC arch-linux2-c-debug/obj/src/dm/interface/dlregisdmdm.o
          CC arch-linux2-c-debug/obj/src/dm/impls/shell/dmshell.o
          CC arch-linux2-c-debug/obj/src/dm/impls/composite/packm.o
          CC arch-linux2-c-debug/obj/src/dm/impls/da/daghost.o
          CC arch-linux2-c-debug/obj/src/dm/impls/network/networkcreate.o
          CC arch-linux2-c-debug/obj/src/dm/impls/da/daindex.o
          CC arch-linux2-c-debug/obj/src/dm/impls/da/da1.o
          CC arch-linux2-c-debug/obj/src/dm/impls/da/daltol.o
          CC arch-linux2-c-debug/obj/src/dm/impls/da/da2.o
          CC arch-linux2-c-debug/obj/src/dm/impls/da/dacorn.o
          CC arch-linux2-c-debug/obj/src/dm/impls/da/dascatter.o
          CC arch-linux2-c-debug/obj/src/dm/impls/network/network.o
          CC arch-linux2-c-debug/obj/src/dm/impls/da/dagtol.o
          CC arch-linux2-c-debug/obj/src/dm/impls/da/dadestroy.o
          CC arch-linux2-c-debug/obj/src/dm/impls/da/da3.o
          CC arch-linux2-c-debug/obj/src/dm/impls/da/dacreate.o
          CC arch-linux2-c-debug/obj/src/dm/impls/composite/pack.o
          CC arch-linux2-c-debug/obj/src/dm/impls/da/dadist.o
          CC arch-linux2-c-debug/obj/src/dm/impls/da/daview.o
          CC arch-linux2-c-debug/obj/src/dm/impls/da/dasub.o
          CC arch-linux2-c-debug/obj/src/dm/impls/da/gr1.o
          CC arch-linux2-c-debug/obj/src/dm/impls/da/dapf.o
          CC arch-linux2-c-debug/obj/src/dm/impls/da/dagtona.o
          CC arch-linux2-c-debug/obj/src/dm/impls/da/dagetarray.o
          CC arch-linux2-c-debug/obj/src/dm/impls/da/dagetelem.o
          CC arch-linux2-c-debug/obj/src/dm/impls/da/dalocal.o
          CC arch-linux2-c-debug/obj/src/dm/impls/da/ftn-auto/dacreatef.o
          CC arch-linux2-c-debug/obj/src/dm/impls/da/ftn-auto/dagetarrayf.o
          CC arch-linux2-c-debug/obj/src/dm/impls/da/gr2.o
          CC arch-linux2-c-debug/obj/src/dm/impls/da/dareg.o
          CC arch-linux2-c-debug/obj/src/dm/impls/da/ftn-auto/dalocalf.o
          CC arch-linux2-c-debug/obj/src/dm/impls/da/ftn-auto/dageometryf.o
          CC arch-linux2-c-debug/obj/src/dm/impls/da/ftn-auto/dadistf.o
          CC arch-linux2-c-debug/obj/src/dm/impls/da/dadd.o
          CC arch-linux2-c-debug/obj/src/dm/impls/da/dainterp.o
          CC arch-linux2-c-debug/obj/src/dm/impls/da/grvtk.o
          CC arch-linux2-c-debug/obj/src/dm/impls/da/ftn-auto/dagtonaf.o
          CC arch-linux2-c-debug/obj/src/dm/impls/da/da.o
          CC arch-linux2-c-debug/obj/src/dm/impls/da/dageometry.o
          CC arch-linux2-c-debug/obj/src/dm/impls/da/dapreallocate.o
          CC arch-linux2-c-debug/obj/src/dm/impls/da/ftn-auto/dagtolf.o
          CC arch-linux2-c-debug/obj/src/dm/interface/dm.o
          CC arch-linux2-c-debug/obj/src/dm/impls/da/ftn-auto/daddf.o
          CC arch-linux2-c-debug/obj/src/dm/impls/da/grglvis.o
          CC arch-linux2-c-debug/obj/src/dm/impls/da/ftn-auto/dacornf.o
          CC arch-linux2-c-debug/obj/src/dm/impls/da/fdda.o
          CC arch-linux2-c-debug/obj/src/dm/impls/da/ftn-auto/dapreallocatef.o
          CC arch-linux2-c-debug/obj/src/dm/impls/da/ftn-auto/dainterpf.o
          CC arch-linux2-c-debug/obj/src/dm/impls/da/ftn-auto/fddaf.o
          CC arch-linux2-c-debug/obj/src/dm/impls/da/ftn-auto/daf.o
          CC arch-linux2-c-debug/obj/src/dm/impls/da/ftn-custom/zda1f.o
          CC arch-linux2-c-debug/obj/src/dm/impls/da/ftn-auto/gr1f.o
          CC arch-linux2-c-debug/obj/src/dm/impls/da/ftn-auto/daindexf.o
          CC arch-linux2-c-debug/obj/src/dm/impls/da/ftn-custom/zda3f.o
          CC arch-linux2-c-debug/obj/src/dm/impls/da/ftn-custom/zdaf.o
          CC arch-linux2-c-debug/obj/src/dm/impls/da/ftn-custom/zdagetscatterf.o
          CC arch-linux2-c-debug/obj/src/dm/impls/da/ftn-custom/zdacornf.o
          CC arch-linux2-c-debug/obj/src/dm/impls/redundant/ftn-auto/dmredundantf.o
          CC arch-linux2-c-debug/obj/src/dm/impls/patch/ftn-auto/patchcreatef.o
          CC arch-linux2-c-debug/obj/src/dm/impls/da/ftn-custom/zdaviewf.o
          CC arch-linux2-c-debug/obj/src/dm/impls/da/ftn-custom/zda2f.o
          CC arch-linux2-c-debug/obj/src/dm/impls/da/f90-custom/zda1f90.o
          CC arch-linux2-c-debug/obj/src/dm/impls/da/ftn-custom/zdaghostf.o
          CC arch-linux2-c-debug/obj/src/dm/impls/da/ftn-custom/zdaindexf.o
          CC arch-linux2-c-debug/obj/src/dm/impls/redundant/dmredundant.o
          CC arch-linux2-c-debug/obj/src/dm/impls/swarm/data_ex.o
          CC arch-linux2-c-debug/obj/src/dm/impls/patch/patchcreate.o
          CC arch-linux2-c-debug/obj/src/dm/impls/sliced/sliced.o
          CC arch-linux2-c-debug/obj/src/dm/impls/patch/patch.o
          CC arch-linux2-c-debug/obj/src/dm/impls/forest/ftn-auto/forestf.o
          CC arch-linux2-c-debug/obj/src/dm/impls/swarm/swarmpic_da.o
          CC arch-linux2-c-debug/obj/src/dm/impls/swarm/swarm_migrate.o
          CC arch-linux2-c-debug/obj/src/dm/impls/swarm/swarmpic.o
          CC arch-linux2-c-debug/obj/src/dm/impls/swarm/swarm.o
          CC arch-linux2-c-debug/obj/src/dm/impls/swarm/swarmpic_sort.o
          CC arch-linux2-c-debug/obj/src/dm/impls/swarm/swarmpic_plex.o
          CC arch-linux2-c-debug/obj/src/dm/impls/swarm/data_bucket.o
          CC arch-linux2-c-debug/obj/src/dm/impls/swarm/swarmpic_view.o
          CC arch-linux2-c-debug/obj/src/dm/impls/plex/plexcoarsen.o
          CC arch-linux2-c-debug/obj/src/dm/impls/plex/plexhdf5.o
          CC arch-linux2-c-debug/obj/src/dm/impls/plex/plexexodusii.o
          CC arch-linux2-c-debug/obj/src/dm/impls/plex/plexadapt.o
          CC arch-linux2-c-debug/obj/src/dm/impls/plex/plexreorder.o
          CC arch-linux2-c-debug/obj/src/dm/impls/forest/forest.o
          CC arch-linux2-c-debug/obj/src/dm/impls/plex/plexgmsh.o
          CC arch-linux2-c-debug/obj/src/dm/impls/plex/plexinterpolate.o
          CC arch-linux2-c-debug/obj/src/dm/impls/plex/plexpreallocate.o
          CC arch-linux2-c-debug/obj/src/dm/impls/plex/plexpartition.o
          CC arch-linux2-c-debug/obj/src/dm/impls/plex/plexcgns.o
          CC arch-linux2-c-debug/obj/src/dm/impls/plex/plexfluent.o
          CC arch-linux2-c-debug/obj/src/dm/impls/plex/plexdistribute.o
          CC arch-linux2-c-debug/obj/src/dm/impls/plex/plexmed.o
          CC arch-linux2-c-debug/obj/src/dm/impls/plex/plexcreate.o
          CC arch-linux2-c-debug/obj/src/dm/impls/plex/plexply.o
          CC arch-linux2-c-debug/obj/src/dm/impls/plex/plexpoint.o
          CC arch-linux2-c-debug/obj/src/dm/impls/plex/plexvtk.o
          CC arch-linux2-c-debug/obj/src/dm/impls/plex/plexgeometry.o
          CC arch-linux2-c-debug/obj/src/dm/impls/plex/plexvtu.o
          CC arch-linux2-c-debug/obj/src/dm/impls/plex/plexindices.o
          CC arch-linux2-c-debug/obj/src/dm/impls/plex/plexnatural.o
          CC arch-linux2-c-debug/obj/src/dm/impls/plex/plexgenerate.o
          CC arch-linux2-c-debug/obj/src/dm/impls/plex/ftn-auto/plexfemf.o
          CC arch-linux2-c-debug/obj/src/dm/impls/plex/ftn-auto/plexrefinef.o
          CC arch-linux2-c-debug/obj/src/dm/impls/plex/ftn-auto/plexexodusiif.o
          CC arch-linux2-c-debug/obj/src/dm/impls/plex/plexfvm.o
          CC arch-linux2-c-debug/obj/src/dm/impls/plex/plexproject.o
          CC arch-linux2-c-debug/obj/src/dm/impls/plex/ftn-auto/plexcreatef.o
          CC arch-linux2-c-debug/obj/src/dm/impls/plex/plexsubmesh.o
          CC arch-linux2-c-debug/obj/src/dm/impls/plex/plexorient.o
          CC arch-linux2-c-debug/obj/src/dm/impls/plex/plexglvis.o
          CC arch-linux2-c-debug/obj/src/dm/impls/plex/ftn-auto/plexnaturalf.o
          CC arch-linux2-c-debug/obj/src/dm/impls/plex/ftn-auto/plextreef.o
          CC arch-linux2-c-debug/obj/src/dm/impls/plex/ftn-auto/plexcgnsf.o
          CC arch-linux2-c-debug/obj/src/dm/impls/plex/ftn-auto/plexindicesf.o
          CC arch-linux2-c-debug/obj/src/dm/impls/plex/ftn-auto/plexfvmf.o
          CC arch-linux2-c-debug/obj/src/dm/impls/plex/ftn-auto/plexdistributef.o
          CC arch-linux2-c-debug/obj/src/dm/impls/plex/ftn-auto/plexf.o
          CC arch-linux2-c-debug/obj/src/dm/impls/plex/ftn-auto/plexorientf.o
          CC arch-linux2-c-debug/obj/src/dm/impls/plex/ftn-auto/plexinterpolatef.o
          CC arch-linux2-c-debug/obj/src/dm/impls/plex/ftn-auto/plexpointf.o
          CC arch-linux2-c-debug/obj/src/dm/impls/plex/plexfem.o
          CC arch-linux2-c-debug/obj/src/dm/impls/plex/ftn-auto/plexpartitionf.o
          CC arch-linux2-c-debug/obj/src/dm/impls/plex/ftn-auto/plexgeometryf.o
          CC arch-linux2-c-debug/obj/src/dm/impls/plex/ftn-auto/plexreorderf.o
          CC arch-linux2-c-debug/obj/src/dm/impls/plex/ftn-custom/zplexinterpolate.o
          CC arch-linux2-c-debug/obj/src/dm/impls/plex/f90-custom/zplexgeometryf90.o
          CC arch-linux2-c-debug/obj/src/dm/impls/plex/ftn-auto/plexgmshf.o
          CC arch-linux2-c-debug/obj/src/dm/impls/plex/ftn-auto/plexsubmeshf.o
          CC arch-linux2-c-debug/obj/src/dm/impls/plex/ftn-custom/zplex.o
          CC arch-linux2-c-debug/obj/src/dm/impls/plex/f90-custom/zplexf90.o
          CC arch-linux2-c-debug/obj/src/dm/impls/plex/ftn-custom/zplexcreate.o
          CC arch-linux2-c-debug/obj/src/dm/impls/plex/ftn-custom/zplexgmsh.o
          CC arch-linux2-c-debug/obj/src/dm/impls/plex/ftn-custom/zplexsubmesh.o
          CC arch-linux2-c-debug/obj/src/dm/impls/plex/ftn-custom/zplexexodusii.o
          CC arch-linux2-c-debug/obj/src/dm/impls/plex/ftn-custom/zplexdistribute.o
          CC arch-linux2-c-debug/obj/src/dm/impls/plex/ftn-custom/zplexfluent.o
          CC arch-linux2-c-debug/obj/src/dm/impls/plex/plex.o
          CC arch-linux2-c-debug/obj/src/dm/dt/interface/ftn-auto/dtf.o
          CC arch-linux2-c-debug/obj/src/dm/dt/interface/f90-custom/zdtf90.o
          CC arch-linux2-c-debug/obj/src/dm/dt/interface/ftn-custom/zdtf.o
          CC arch-linux2-c-debug/obj/src/dm/impls/plex/plextree.o
          CC arch-linux2-c-debug/obj/src/dm/dt/interface/ftn-auto/dtdsf.o
          CC arch-linux2-c-debug/obj/src/dm/dt/interface/ftn-auto/dtfef.o
          CC arch-linux2-c-debug/obj/src/dm/dt/interface/ftn-custom/zdtfef.o
          CC arch-linux2-c-debug/obj/src/dm/dt/interface/f90-custom/zdtdsf90.o
          CC arch-linux2-c-debug/obj/src/dm/dt/interface/ftn-auto/dtfvf.o
          CC arch-linux2-c-debug/obj/src/ksp/pc/impls/lsc/lsc.o
          CC arch-linux2-c-debug/obj/src/ksp/pc/impls/bddc/ftn-auto/bddcf.o
          CC arch-linux2-c-debug/obj/src/ksp/pc/impls/is/ftn-auto/pcisf.o
          CC arch-linux2-c-debug/obj/src/ksp/pc/impls/bddc/bddcnullspace.o
          CC arch-linux2-c-debug/obj/src/dm/dt/interface/dt.o
          CC arch-linux2-c-debug/obj/src/ksp/pc/impls/sor/ftn-auto/sorf.o
          CC arch-linux2-c-debug/obj/src/ksp/pc/impls/eisens/ftn-auto/eisenf.o
          CC arch-linux2-c-debug/obj/src/ksp/pc/impls/sor/sor.o
          CC arch-linux2-c-debug/obj/src/ksp/pc/impls/eisens/eisen.o
          CC arch-linux2-c-debug/obj/src/ksp/pc/impls/pbjacobi/pbjacobi.o
          CC arch-linux2-c-debug/obj/src/dm/impls/plex/plexrefine.o
          CC arch-linux2-c-debug/obj/src/ksp/pc/impls/is/nn/nn.o
          CC arch-linux2-c-debug/obj/src/ksp/pc/impls/bddc/bddcscalingbasic.o
          CC arch-linux2-c-debug/obj/src/dm/dt/interface/dtds.o
          CC arch-linux2-c-debug/obj/src/ksp/pc/impls/redistribute/redistribute.o
          CC arch-linux2-c-debug/obj/src/ksp/pc/impls/bddc/bddcgraph.o
          CC arch-linux2-c-debug/obj/src/ksp/pc/impls/is/pcis.o
          CC arch-linux2-c-debug/obj/src/ksp/pc/impls/redistribute/ftn-auto/redistributef.o
          CC arch-linux2-c-debug/obj/src/ksp/pc/impls/bddc/bddcfetidp.o
          CC arch-linux2-c-debug/obj/src/dm/dt/interface/dtfv.o
          CC arch-linux2-c-debug/obj/src/ksp/pc/impls/bddc/bddcschurs.o
          CC arch-linux2-c-debug/obj/src/ksp/pc/impls/bddc/bddc.o
          CC arch-linux2-c-debug/obj/src/ksp/pc/impls/telescope/ftn-auto/telescopef.o
          CC arch-linux2-c-debug/obj/src/ksp/pc/impls/ksp/ftn-auto/pckspf.o
          CC arch-linux2-c-debug/obj/src/ksp/pc/impls/python/pythonpc.o
          CC arch-linux2-c-debug/obj/src/ksp/pc/impls/ksp/pcksp.o
          CC arch-linux2-c-debug/obj/src/ksp/pc/impls/cp/cp.o
          CC arch-linux2-c-debug/obj/src/ksp/pc/impls/bjacobi/ftn-auto/bjacobif.o
          CC arch-linux2-c-debug/obj/src/ksp/pc/impls/bjacobi/ftn-custom/zbjacobif.o
          CC arch-linux2-c-debug/obj/src/ksp/pc/impls/python/ftn-custom/zpythonpcf.o
          CC arch-linux2-c-debug/obj/src/ksp/pc/impls/factor/factimpl.o
          CC arch-linux2-c-debug/obj/src/ksp/pc/impls/factor/ftn-custom/zluf.o
          CC arch-linux2-c-debug/obj/src/ksp/pc/impls/telescope/telescope.o
          CC arch-linux2-c-debug/obj/src/ksp/pc/impls/asm/ftn-auto/asmf.o
          CC arch-linux2-c-debug/obj/src/ksp/pc/impls/asm/ftn-custom/zasmf.o
          CC arch-linux2-c-debug/obj/src/ksp/pc/impls/factor/cholesky/ftn-auto/choleskyf.o
          CC arch-linux2-c-debug/obj/src/ksp/pc/impls/factor/ftn-auto/factorf.o
          CC arch-linux2-c-debug/obj/src/ksp/pc/impls/factor/icc/icc.o
          CC arch-linux2-c-debug/obj/src/ksp/pc/impls/factor/cholesky/cholesky.o
          CC arch-linux2-c-debug/obj/src/ksp/pc/impls/factor/lu/lu.o
          CC arch-linux2-c-debug/obj/src/ksp/pc/impls/factor/factor.o
          CC arch-linux2-c-debug/obj/src/ksp/pc/impls/factor/ilu/ilu.o
          CC arch-linux2-c-debug/obj/src/ksp/pc/impls/bjacobi/bjacobi.o
          CC arch-linux2-c-debug/obj/src/ksp/pc/impls/asm/asm.o
          CC arch-linux2-c-debug/obj/src/ksp/pc/impls/jacobi/ftn-auto/jacobif.o
          CC arch-linux2-c-debug/obj/src/ksp/pc/impls/jacobi/jacobi.o
          CC arch-linux2-c-debug/obj/src/ksp/pc/impls/telescope/telescope_dmda.o
          CC arch-linux2-c-debug/obj/src/ksp/pc/impls/kaczmarz/kaczmarz.o
          CC arch-linux2-c-debug/obj/src/dm/dt/interface/dtfe.o
          CC arch-linux2-c-debug/obj/src/ksp/pc/impls/shell/ftn-auto/shellpcf.o
          CC arch-linux2-c-debug/obj/src/ksp/pc/impls/galerkin/galerkin.o
          CC arch-linux2-c-debug/obj/src/ksp/pc/impls/gasm/ftn-custom/zgasmf.o
          CC arch-linux2-c-debug/obj/src/ksp/pc/impls/composite/ftn-custom/zcompositef.o
          CC arch-linux2-c-debug/obj/src/ksp/pc/impls/galerkin/ftn-auto/galerkinf.o
          CC arch-linux2-c-debug/obj/src/ksp/pc/impls/gasm/ftn-auto/gasmf.o
          CC arch-linux2-c-debug/obj/src/ksp/pc/impls/none/none.o
          CC arch-linux2-c-debug/obj/src/ksp/pc/impls/composite/ftn-auto/compositef.o
          CC arch-linux2-c-debug/obj/src/ksp/pc/impls/shell/ftn-custom/zshellpcf.o
          CC arch-linux2-c-debug/obj/src/ksp/pc/impls/composite/composite.o
          CC arch-linux2-c-debug/obj/src/ksp/pc/impls/wb/ftn-auto/wbf.o
          CC arch-linux2-c-debug/obj/src/ksp/pc/impls/shell/shellpc.o
          CC arch-linux2-c-debug/obj/src/ksp/pc/impls/gamg/ftn-auto/aggf.o
          CC arch-linux2-c-debug/obj/src/ksp/pc/impls/gamg/ftn-auto/gamgf.o
          CC arch-linux2-c-debug/obj/src/ksp/pc/impls/wb/wb.o
          CC arch-linux2-c-debug/obj/src/ksp/pc/impls/gasm/gasm.o
          CC arch-linux2-c-debug/obj/src/ksp/pc/impls/gamg/gamg.o
          CC arch-linux2-c-debug/obj/src/ksp/pc/impls/gamg/ftn-custom/zgamgf.o
          CC arch-linux2-c-debug/obj/src/ksp/pc/impls/gamg/geo.o
          CC arch-linux2-c-debug/obj/src/ksp/pc/impls/tfs/bitmask.o
          CC arch-linux2-c-debug/obj/src/ksp/pc/impls/fieldsplit/ftn-custom/zfieldsplitf.o
          CC arch-linux2-c-debug/obj/src/ksp/pc/impls/fieldsplit/ftn-auto/fieldsplitf.o
          CC arch-linux2-c-debug/obj/src/ksp/pc/impls/tfs/xxt.o
          CC arch-linux2-c-debug/obj/src/ksp/pc/impls/gamg/util.o
          CC arch-linux2-c-debug/obj/src/ksp/pc/impls/bddc/bddcprivate.o
          CC arch-linux2-c-debug/obj/src/ksp/pc/impls/tfs/comm.o
          CC arch-linux2-c-debug/obj/src/ksp/pc/impls/gamg/classical.o
          CC arch-linux2-c-debug/obj/src/ksp/pc/impls/tfs/xyt.o
          CC arch-linux2-c-debug/obj/src/ksp/pc/impls/mg/ftn-custom/zmgf.o
          CC arch-linux2-c-debug/obj/src/ksp/pc/impls/tfs/ivec.o
          CC arch-linux2-c-debug/obj/src/ksp/pc/impls/mg/ftn-auto/mgf.o
          CC arch-linux2-c-debug/obj/src/ksp/pc/impls/gamg/agg.o
          CC arch-linux2-c-debug/obj/src/ksp/pc/impls/mg/mgfunc.o
          CC arch-linux2-c-debug/obj/src/ksp/pc/impls/tfs/gs.o
          CC arch-linux2-c-debug/obj/src/ksp/pc/impls/mg/smg.o
          CC arch-linux2-c-debug/obj/src/ksp/pc/impls/mg/fmg.o
          CC arch-linux2-c-debug/obj/src/ksp/pc/impls/tfs/tfs.o
          CC arch-linux2-c-debug/obj/src/ksp/pc/impls/mat/pcmat.o
          CC arch-linux2-c-debug/obj/src/ksp/pc/impls/mg/ftn-auto/mgfuncf.o
          CC arch-linux2-c-debug/obj/src/ksp/pc/impls/mg/ftn-custom/zmgfuncf.o
          CC arch-linux2-c-debug/obj/src/ksp/pc/impls/redundant/ftn-auto/redundantf.o
          CC arch-linux2-c-debug/obj/src/ksp/pc/impls/redundant/redundant.o
          CC arch-linux2-c-debug/obj/src/ksp/pc/impls/svd/svd.o
          CC arch-linux2-c-debug/obj/src/ksp/pc/interface/pcregis.o
          CC arch-linux2-c-debug/obj/src/ksp/pc/interface/ftn-custom/zpcsetf.o
          CC arch-linux2-c-debug/obj/src/ksp/pc/interface/ftn-custom/zpreconf.o
          CC arch-linux2-c-debug/obj/src/ksp/pc/impls/fieldsplit/fieldsplit.o
          CC arch-linux2-c-debug/obj/src/ksp/pc/interface/pcset.o
          CC arch-linux2-c-debug/obj/src/ksp/pc/interface/ftn-auto/preconf.o
          CC arch-linux2-c-debug/obj/src/ksp/ksp/interface/iguess.o
          CC arch-linux2-c-debug/obj/src/ksp/pc/interface/ftn-auto/pcsetf.o
          CC arch-linux2-c-debug/obj/src/ksp/ksp/interface/itres.o
          CC arch-linux2-c-debug/obj/src/ksp/ksp/interface/itcreate.o
          CC arch-linux2-c-debug/obj/src/ksp/ksp/interface/itcl.o
          CC arch-linux2-c-debug/obj/src/ksp/pc/impls/mg/mg.o
          CC arch-linux2-c-debug/obj/src/ksp/ksp/interface/xmon.o
          CC arch-linux2-c-debug/obj/src/ksp/ksp/interface/itregis.o
          CC arch-linux2-c-debug/obj/src/ksp/ksp/interface/dlregisksp.o
          CC arch-linux2-c-debug/obj/src/ksp/ksp/interface/ftn-auto/eigef.o
          CC arch-linux2-c-debug/obj/src/ksp/ksp/interface/ftn-auto/iterativf.o
          CC arch-linux2-c-debug/obj/src/ksp/ksp/interface/eige.o
          CC arch-linux2-c-debug/obj/src/ksp/pc/interface/precon.o
          CC arch-linux2-c-debug/obj/src/ksp/ksp/interface/ftn-auto/itcreatef.o
          CC arch-linux2-c-debug/obj/src/ksp/ksp/interface/ftn-auto/itfuncf.o
          CC arch-linux2-c-debug/obj/src/ksp/ksp/interface/ftn-auto/iguessf.o
          CC arch-linux2-c-debug/obj/src/ksp/ksp/interface/iterativ.o
          CC arch-linux2-c-debug/obj/src/ksp/ksp/interface/ftn-auto/itclf.o
          CC arch-linux2-c-debug/obj/src/ksp/ksp/interface/dmksp.o
          CC arch-linux2-c-debug/obj/src/ksp/ksp/interface/ftn-auto/itresf.o
          CC arch-linux2-c-debug/obj/src/ksp/ksp/interface/itfunc.o
          CC arch-linux2-c-debug/obj/src/ksp/ksp/interface/f90-custom/zitfuncf90.o
          CC arch-linux2-c-debug/obj/src/ksp/ksp/interface/ftn-custom/zitcreatef.o
          CC arch-linux2-c-debug/obj/src/ksp/ksp/interface/ftn-custom/zitclf.o
          CC arch-linux2-c-debug/obj/src/ksp/ksp/interface/ftn-custom/zxonf.o
          CC arch-linux2-c-debug/obj/src/ksp/ksp/interface/ftn-custom/zitfuncf.o
          CC arch-linux2-c-debug/obj/src/ksp/ksp/impls/minres/minres.o
          CC arch-linux2-c-debug/obj/src/ksp/ksp/impls/bicg/bicg.o
          CC arch-linux2-c-debug/obj/src/ksp/ksp/impls/gmres/borthog2.o
          CC arch-linux2-c-debug/obj/src/ksp/ksp/impls/gmres/gmpre.o
          CC arch-linux2-c-debug/obj/src/ksp/ksp/impls/gmres/gmres2.o
          CC arch-linux2-c-debug/obj/src/ksp/ksp/interface/ftn-custom/ziguess.o
          CC arch-linux2-c-debug/obj/src/ksp/ksp/impls/gmres/borthog.o
          CC arch-linux2-c-debug/obj/src/ksp/ksp/interface/ftn-custom/zdmkspf.o
          CC arch-linux2-c-debug/obj/src/ksp/ksp/impls/gmres/gmreig.o
          CC arch-linux2-c-debug/obj/src/ksp/ksp/impls/gmres/gmres.o
          CC arch-linux2-c-debug/obj/src/ksp/ksp/impls/gmres/fgmres/modpcf.o
          CC arch-linux2-c-debug/obj/src/ksp/ksp/impls/gmres/pipefgmres/ftn-auto/pipefgmresf.o
          CC arch-linux2-c-debug/obj/src/ksp/ksp/impls/gmres/fgmres/ftn-auto/modpcff.o
          CC arch-linux2-c-debug/obj/src/ksp/ksp/impls/gmres/pgmres/pgmres.o
          CC arch-linux2-c-debug/obj/src/ksp/ksp/impls/gmres/fgmres/ftn-custom/zmodpcff.o
          CC arch-linux2-c-debug/obj/src/ksp/ksp/impls/gmres/ftn-auto/gmresf.o
          CC arch-linux2-c-debug/obj/src/ksp/ksp/impls/gmres/ftn-auto/gmpref.o
          CC arch-linux2-c-debug/obj/src/ksp/ksp/impls/gmres/pipefgmres/pipefgmres.o
          CC arch-linux2-c-debug/obj/src/ksp/ksp/impls/gmres/dgmres/dgmres.o
          CC arch-linux2-c-debug/obj/src/ksp/ksp/impls/gmres/lgmres/lgmres.o
          CC arch-linux2-c-debug/obj/src/ksp/ksp/impls/gmres/agmres/agmresdeflation.o
          CC arch-linux2-c-debug/obj/src/ksp/ksp/impls/gmres/fgmres/fgmres.o
          CC arch-linux2-c-debug/obj/src/ksp/ksp/impls/gmres/agmres/agmresleja.o
          CC arch-linux2-c-debug/obj/src/ksp/ksp/impls/cg/cgeig.o
          CC arch-linux2-c-debug/obj/src/ksp/ksp/impls/gmres/agmres/agmresorthog.o
          CC arch-linux2-c-debug/obj/src/ksp/ksp/impls/cg/ftn-auto/cgtypef.o
          CC arch-linux2-c-debug/obj/src/ksp/ksp/impls/cg/gltr/ftn-auto/gltrf.o
          CC arch-linux2-c-debug/obj/src/ksp/ksp/impls/cg/cg.o
          CC arch-linux2-c-debug/obj/src/ksp/ksp/impls/cg/cgls.o
          CC arch-linux2-c-debug/obj/src/ksp/ksp/impls/cg/groppcg/groppcg.o
          CC arch-linux2-c-debug/obj/src/ksp/ksp/impls/cg/cgne/cgne.o
          CC arch-linux2-c-debug/obj/src/ksp/ksp/impls/cg/cgtype.o
          CC arch-linux2-c-debug/obj/src/ksp/ksp/impls/cg/pipecgrr/pipecgrr.o
          CC arch-linux2-c-debug/obj/src/ksp/ksp/impls/gmres/agmres/agmres.o
          CC arch-linux2-c-debug/obj/src/ksp/ksp/impls/cg/stcg/stcg.o
          CC arch-linux2-c-debug/obj/src/ksp/ksp/impls/cg/gltr/gltr.o
          CC arch-linux2-c-debug/obj/src/ksp/ksp/impls/fetidp/ftn-auto/fetidpf.o
          CC arch-linux2-c-debug/obj/src/ksp/ksp/impls/python/ftn-custom/zpythonkspf.o
          CC arch-linux2-c-debug/obj/src/ksp/ksp/impls/cg/pipecg/pipecg.o
          CC arch-linux2-c-debug/obj/src/ksp/ksp/impls/cr/pipecr/pipecr.o
          CC arch-linux2-c-debug/obj/src/ksp/ksp/impls/cr/cr.o
          CC arch-linux2-c-debug/obj/src/ksp/ksp/impls/python/pythonksp.o
          CC arch-linux2-c-debug/obj/src/ksp/ksp/impls/cg/nash/nash.o
          CC arch-linux2-c-debug/obj/src/ksp/ksp/impls/tsirm/tsirm.o
          CC arch-linux2-c-debug/obj/src/ksp/ksp/impls/gcr/pipegcr/ftn-auto/pipegcrf.o
          CC arch-linux2-c-debug/obj/src/ksp/ksp/impls/gcr/gcr.o
          CC arch-linux2-c-debug/obj/src/ksp/ksp/impls/ibcgs/ibcgs.o
          CC arch-linux2-c-debug/obj/src/ksp/ksp/impls/lsqr/lsqr_monitor.o
          CC arch-linux2-c-debug/obj/src/ksp/ksp/impls/rich/ftn-auto/richscalef.o
          CC arch-linux2-c-debug/obj/src/ksp/ksp/impls/qcg/ftn-auto/qcgf.o
          CC arch-linux2-c-debug/obj/src/ksp/ksp/impls/rich/richscale.o
          CC arch-linux2-c-debug/obj/src/ksp/ksp/impls/lsqr/lsqr.o
          CC arch-linux2-c-debug/obj/src/ksp/ksp/impls/gcr/pipegcr/pipegcr.o
          CC arch-linux2-c-debug/obj/src/ksp/ksp/impls/qcg/qcg.o
          CC arch-linux2-c-debug/obj/src/ksp/ksp/impls/rich/rich.o
          CC arch-linux2-c-debug/obj/src/ksp/ksp/impls/bcgsl/ftn-auto/bcgslf.o
          CC arch-linux2-c-debug/obj/src/ksp/ksp/impls/lsqr/lsqr_converged.o
          CC arch-linux2-c-debug/obj/src/ksp/ksp/impls/bcgsl/bcgsl.o
          CC arch-linux2-c-debug/obj/src/ksp/ksp/impls/cheby/ftn-auto/chebyf.o
          CC arch-linux2-c-debug/obj/src/ksp/ksp/impls/fetidp/fetidp.o
          CC arch-linux2-c-debug/obj/src/ksp/ksp/impls/cheby/cheby.o
          CC arch-linux2-c-debug/obj/src/ksp/ksp/impls/fcg/ftn-auto/fcgf.o
          CC arch-linux2-c-debug/obj/src/ksp/ksp/impls/fcg/pipefcg/ftn-auto/pipefcgf.o
          CC arch-linux2-c-debug/obj/src/ksp/ksp/impls/bcgs/bcgs.o
          CC arch-linux2-c-debug/obj/src/ksp/ksp/impls/bcgs/pipebcgs/pipebcgs.o
          CC arch-linux2-c-debug/obj/src/ksp/ksp/impls/preonly/preonly.o
          CC arch-linux2-c-debug/obj/src/ksp/ksp/impls/bcgs/fbcgs/fbcgs.o
          CC arch-linux2-c-debug/obj/src/ksp/ksp/impls/cgs/cgs.o
          CC arch-linux2-c-debug/obj/src/ksp/ksp/impls/lcd/lcd.o
          CC arch-linux2-c-debug/obj/src/ksp/ksp/impls/bcgs/fbcgsr/fbcgsr.o
          CC arch-linux2-c-debug/obj/src/ksp/ksp/impls/symmlq/symmlq.o
          CC arch-linux2-c-debug/obj/src/ksp/ksp/impls/fcg/pipefcg/pipefcg.o
          CC arch-linux2-c-debug/obj/src/ksp/ksp/impls/fcg/fcg.o
          CC arch-linux2-c-debug/obj/src/ksp/ksp/impls/tcqmr/tcqmr.o
          CC arch-linux2-c-debug/obj/src/ksp/ksp/impls/tfqmr/tfqmr.o
          CC arch-linux2-c-debug/obj/src/ksp/ksp/utils/ftn-auto/schurmf.o
          CC arch-linux2-c-debug/obj/src/ksp/ksp/guess/impls/fischer/ftn-auto/fischerf.o
          CC arch-linux2-c-debug/obj/src/ksp/ksp/guess/impls/fischer/fischer.o
          CC arch-linux2-c-debug/obj/src/ksp/ksp/utils/ftn-auto/dmprojectf.o
          CC arch-linux2-c-debug/obj/src/snes/mf/ftn-auto/snesmfjf.o
          CC arch-linux2-c-debug/obj/src/ksp/ksp/utils/dmproject.o
          CC arch-linux2-c-debug/obj/src/ksp/ksp/guess/impls/pod/pod.o
          CC arch-linux2-c-debug/obj/src/snes/mf/snesmfj.o
          CC arch-linux2-c-debug/obj/src/ksp/ksp/utils/schurm.o
          CC arch-linux2-c-debug/obj/src/snes/utils/dmsnes.o
          CC arch-linux2-c-debug/obj/src/snes/utils/dmdasnes.o
          CC arch-linux2-c-debug/obj/src/snes/impls/shell/ftn-custom/zsnesshellf.o
          CC arch-linux2-c-debug/obj/src/snes/impls/shell/ftn-auto/snesshellf.o
          CC arch-linux2-c-debug/obj/src/snes/utils/ftn-auto/convestf.o
          CC arch-linux2-c-debug/obj/src/snes/utils/ftn-custom/zdmlocalsnesf.o
          CC arch-linux2-c-debug/obj/src/snes/utils/ftn-auto/dmplexsnesf.o
          CC arch-linux2-c-debug/obj/src/snes/utils/f90-custom/zdmplexsnesf90.o
          CC arch-linux2-c-debug/obj/src/snes/utils/ftn-custom/zdmsnesf.o
          CC arch-linux2-c-debug/obj/src/snes/utils/dmlocalsnes.o
          CC arch-linux2-c-debug/obj/src/snes/impls/shell/snesshell.o
          CC arch-linux2-c-debug/obj/src/snes/impls/gs/ftn-auto/snesgsf.o
          CC arch-linux2-c-debug/obj/src/snes/utils/convest.o
          CC arch-linux2-c-debug/obj/src/snes/utils/ftn-custom/zdmdasnesf.o
          CC arch-linux2-c-debug/obj/src/snes/impls/gs/snesgs.o
          CC arch-linux2-c-debug/obj/src/snes/impls/ngmres/ftn-auto/snesngmresf.o
          CC arch-linux2-c-debug/obj/src/snes/impls/gs/gssecant.o
          CC arch-linux2-c-debug/obj/src/snes/impls/nasm/ftn-auto/nasmf.o
          CC arch-linux2-c-debug/obj/src/snes/impls/nasm/aspin.o
          CC arch-linux2-c-debug/obj/src/snes/impls/ngmres/ngmresfunc.o
          CC arch-linux2-c-debug/obj/src/snes/impls/ngmres/anderson.o
          CC arch-linux2-c-debug/obj/src/snes/impls/python/ftn-custom/zpythonsf.o
          CC arch-linux2-c-debug/obj/src/snes/impls/python/pythonsnes.o
          CC arch-linux2-c-debug/obj/src/snes/impls/ngmres/snesngmres.o
          CC arch-linux2-c-debug/obj/src/snes/impls/ksponly/ksponly.o
          CC arch-linux2-c-debug/obj/src/snes/impls/vi/ftn-auto/vif.o
          CC arch-linux2-c-debug/obj/src/snes/impls/nasm/nasm.o
          CC arch-linux2-c-debug/obj/src/snes/impls/composite/ftn-auto/snescompositef.o
          CC arch-linux2-c-debug/obj/src/snes/impls/fas/fasgalerkin.o
          CC arch-linux2-c-debug/obj/src/snes/impls/fas/ftn-auto/fasf.o
          CC arch-linux2-c-debug/obj/src/snes/impls/vi/vi.o
          CC arch-linux2-c-debug/obj/src/snes/impls/vi/ss/viss.o
          CC arch-linux2-c-debug/obj/src/snes/impls/fas/ftn-auto/fasgalerkinf.o
          CC arch-linux2-c-debug/obj/src/snes/impls/tr/tr.o
          CC arch-linux2-c-debug/obj/src/snes/impls/ls/ls.o
          CC arch-linux2-c-debug/obj/src/snes/impls/ms/ms.o
          CC arch-linux2-c-debug/obj/src/snes/impls/vi/rs/virs.o
          CC arch-linux2-c-debug/obj/src/snes/impls/composite/snescomposite.o
          CC arch-linux2-c-debug/obj/src/snes/impls/fas/ftn-auto/fasfuncf.o
          CC arch-linux2-c-debug/obj/src/snes/impls/ncg/ftn-auto/snesncgf.o
          CC arch-linux2-c-debug/obj/src/snes/impls/qn/ftn-auto/qnf.o
          CC arch-linux2-c-debug/obj/src/snes/impls/fas/fasfunc.o
          CC arch-linux2-c-debug/obj/src/snes/impls/richardson/snesrichardson.o
          CC arch-linux2-c-debug/obj/src/snes/impls/fas/fas.o
          CC arch-linux2-c-debug/obj/src/snes/interface/snesregi.o
          CC arch-linux2-c-debug/obj/src/snes/impls/test/snestest.o
          CC arch-linux2-c-debug/obj/src/snes/utils/dmplexsnes.o
          CC arch-linux2-c-debug/obj/src/snes/interface/snesj.o
          CC arch-linux2-c-debug/obj/src/snes/impls/qn/qn.o
          CC arch-linux2-c-debug/obj/src/snes/impls/ncg/snesncg.o
          CC arch-linux2-c-debug/obj/src/snes/interface/snesj2.o
          CC arch-linux2-c-debug/obj/src/snes/interface/snesob.o
          CC arch-linux2-c-debug/obj/src/snes/interface/dlregissnes.o
          CC arch-linux2-c-debug/obj/src/snes/interface/snespc.o
          CC arch-linux2-c-debug/obj/src/snes/interface/noise/snesdnest.o
          CC arch-linux2-c-debug/obj/src/snes/interface/ftn-auto/snespcf.o
          CC arch-linux2-c-debug/obj/src/snes/interface/f90-custom/zsnesf90.o
          CC arch-linux2-c-debug/obj/src/snes/interface/ftn-auto/snesf.o
          CC arch-linux2-c-debug/obj/src/snes/interface/ftn-auto/snesutf.o
          CC arch-linux2-c-debug/obj/src/snes/interface/ftn-custom/zsnesf.o
          CC arch-linux2-c-debug/obj/src/snes/interface/snesut.o
          CC arch-linux2-c-debug/obj/src/snes/linesearch/impls/shell/ftn-custom/zlinesearchshellf.o
          CC arch-linux2-c-debug/obj/src/snes/interface/noise/snesnoise.o
          CC arch-linux2-c-debug/obj/src/snes/linesearch/interface/linesearchregi.o
          CC arch-linux2-c-debug/obj/src/snes/interface/noise/snesmfj2.o
          CC arch-linux2-c-debug/obj/src/snes/linesearch/impls/bt/linesearchbt.o
          CC arch-linux2-c-debug/obj/src/snes/linesearch/impls/shell/linesearchshell.o
          CC arch-linux2-c-debug/obj/src/snes/linesearch/impls/l2/linesearchl2.o
          CC arch-linux2-c-debug/obj/src/snes/linesearch/impls/bt/ftn-auto/linesearchbtf.o
          CC arch-linux2-c-debug/obj/src/snes/linesearch/impls/basic/linesearchbasic.o
          CC arch-linux2-c-debug/obj/src/snes/linesearch/impls/cp/linesearchcp.o
          CC arch-linux2-c-debug/obj/src/snes/linesearch/impls/nleqerr/linesearchnleqerr.o
          CC arch-linux2-c-debug/obj/src/ts/characteristic/interface/mocregis.o
          CC arch-linux2-c-debug/obj/src/snes/linesearch/interface/ftn-auto/linesearchf.o
          CC arch-linux2-c-debug/obj/src/ts/characteristic/interface/slregis.o
          CC arch-linux2-c-debug/obj/src/snes/linesearch/interface/ftn-custom/zlinesearchf.o
          CC arch-linux2-c-debug/obj/src/ts/characteristic/interface/ftn-auto/characteristicf.o
          CC arch-linux2-c-debug/obj/src/snes/linesearch/interface/linesearch.o
          CC arch-linux2-c-debug/obj/src/ts/characteristic/impls/da/slda.o
          CC arch-linux2-c-debug/obj/src/snes/interface/snes.o
          CC arch-linux2-c-debug/obj/src/ts/interface/tsfwdsen.o
          CC arch-linux2-c-debug/obj/src/ts/interface/tsreg.o
          CC arch-linux2-c-debug/obj/src/ts/interface/tsregall.o
          CC arch-linux2-c-debug/obj/src/ts/characteristic/interface/characteristic.o
          CC arch-linux2-c-debug/obj/src/ts/event/ftn-auto/tseventf.o
          CC arch-linux2-c-debug/obj/src/ts/utils/dmlocalts.o
          CC arch-linux2-c-debug/obj/src/ts/utils/dmts.o
          CC arch-linux2-c-debug/obj/src/ts/utils/ftn-auto/dmplextsf.o
          CC arch-linux2-c-debug/obj/src/ts/event/tsevent.o
          CC arch-linux2-c-debug/obj/src/ts/interface/tseig.o
          CC arch-linux2-c-debug/obj/src/ts/interface/tscreate.o
          CC arch-linux2-c-debug/obj/src/ts/interface/dlregists.o
          CC arch-linux2-c-debug/obj/src/ts/utils/dmdats.o
          CC arch-linux2-c-debug/obj/src/ts/trajectory/impls/visualization/trajvisualization.o
          CC arch-linux2-c-debug/obj/src/ts/interface/ftn-auto/tsfwdsenf.o
          CC arch-linux2-c-debug/obj/src/ts/utils/dmplexts.o
          CC arch-linux2-c-debug/obj/src/ts/interface/ftn-custom/ztscreatef.o
          CC arch-linux2-c-debug/obj/src/ts/trajectory/impls/singlefile/singlefile.o
          CC arch-linux2-c-debug/obj/src/ts/interface/ftn-custom/ztsregf.o
          CC arch-linux2-c-debug/obj/src/ts/trajectory/impls/basic/trajbasic.o
          CC arch-linux2-c-debug/obj/src/ts/interface/ftn-auto/tsf.o
          CC arch-linux2-c-debug/obj/src/ts/interface/ftn-custom/ztsf.o
          CC arch-linux2-c-debug/obj/src/ts/trajectory/interface/ftn-auto/trajf.o
          CC arch-linux2-c-debug/obj/src/ts/impls/explicit/ssp/ftn-auto/sspf.o
          CC arch-linux2-c-debug/obj/src/ts/impls/explicit/ssp/ftn-custom/zsspf.o
          CC arch-linux2-c-debug/obj/src/ts/impls/bdf/ftn-auto/bdff.o
          CC arch-linux2-c-debug/obj/src/ts/impls/python/ftn-custom/zpythontf.o
          CC arch-linux2-c-debug/obj/src/ts/trajectory/interface/traj.o
          CC arch-linux2-c-debug/obj/src/ts/impls/python/pythonts.o
          CC arch-linux2-c-debug/obj/src/ts/impls/explicit/rk/ftn-custom/zrkf.o
          CC arch-linux2-c-debug/obj/src/ts/impls/bdf/bdf.o
          CC arch-linux2-c-debug/obj/src/ts/impls/pseudo/ftn-auto/posindepf.o
          CC arch-linux2-c-debug/obj/src/ts/impls/explicit/euler/euler.o
          CC arch-linux2-c-debug/obj/src/ts/impls/explicit/ssp/ssp.o
          CC arch-linux2-c-debug/obj/src/ts/trajectory/impls/memory/trajmemory.o
          CC arch-linux2-c-debug/obj/src/ts/impls/pseudo/posindep.o
          CC arch-linux2-c-debug/obj/src/ts/impls/rosw/ftn-custom/zroswf.o
          CC arch-linux2-c-debug/obj/src/ts/impls/explicit/rk/rk.o
          CC arch-linux2-c-debug/obj/src/ts/impls/arkimex/ftn-custom/zarkimexf.o
          CC arch-linux2-c-debug/obj/src/ts/impls/arkimex/ftn-auto/arkimexf.o
          CC arch-linux2-c-debug/obj/src/ts/impls/mimex/mimex.o
          CC arch-linux2-c-debug/obj/src/ts/impls/glee/glee.o
          CC arch-linux2-c-debug/obj/src/ts/impls/arkimex/arkimex.o
          CC arch-linux2-c-debug/obj/src/ts/impls/implicit/theta/ftn-auto/thetaf.o
          CC arch-linux2-c-debug/obj/src/ts/impls/implicit/glle/glleadapt.o
          CC arch-linux2-c-debug/obj/src/ts/impls/eimex/eimex.o
          CC arch-linux2-c-debug/obj/src/ts/impls/rosw/rosw.o
          CC arch-linux2-c-debug/obj/src/ts/impls/implicit/alpha/ftn-auto/alpha2f.o
          CC arch-linux2-c-debug/obj/src/ts/impls/implicit/alpha/ftn-auto/alpha1f.o
          CC arch-linux2-c-debug/obj/src/ts/adapt/interface/ftn-custom/ztsadaptf.o
          CC arch-linux2-c-debug/obj/src/ts/impls/implicit/theta/theta.o
          CC arch-linux2-c-debug/obj/src/ts/adapt/interface/ftn-auto/tsadaptf.o
          CC arch-linux2-c-debug/obj/src/ts/adapt/impls/cfl/adaptcfl.o
          CC arch-linux2-c-debug/obj/src/ts/adapt/impls/glee/adaptglee.o
          CC arch-linux2-c-debug/obj/src/ts/impls/implicit/alpha/alpha1.o
          CC arch-linux2-c-debug/obj/src/ts/impls/implicit/alpha/alpha2.o
          CC arch-linux2-c-debug/obj/src/ts/impls/implicit/glle/glle.o
          CC arch-linux2-c-debug/obj/src/tao/matrix/adamat.o
          CC arch-linux2-c-debug/obj/src/ts/adapt/impls/none/adaptnone.o
          CC arch-linux2-c-debug/obj/src/ts/adapt/impls/basic/adaptbasic.o
          CC arch-linux2-c-debug/obj/src/ts/adapt/interface/tsadapt.o
          CC arch-linux2-c-debug/obj/src/tao/leastsquares/impls/pounders/gqt.o
          CC arch-linux2-c-debug/obj/src/tao/util/ftn-auto/tao_utilf.o
          CC arch-linux2-c-debug/obj/src/tao/matrix/submatfree.o
          CC arch-linux2-c-debug/obj/src/tao/bound/impls/gpcg/gpcg.o
          CC arch-linux2-c-debug/obj/src/tao/bound/impls/tron/tron.o
          CC arch-linux2-c-debug/obj/src/tao/bound/utils/isutil.o
          CC arch-linux2-c-debug/obj/src/ts/interface/ts.o
          CC arch-linux2-c-debug/obj/src/tao/matrix/lmvmmat.o
          CC arch-linux2-c-debug/obj/src/tao/bound/impls/bqpip/bqpip.o
          CC arch-linux2-c-debug/obj/src/tao/util/tao_util.o
          CC arch-linux2-c-debug/obj/src/tao/bound/impls/blmvm/blmvm.o
          CC arch-linux2-c-debug/obj/src/tao/interface/taosolverregi.o
          CC arch-linux2-c-debug/obj/src/tao/interface/ftn-auto/taosolver_fgf.o
          CC arch-linux2-c-debug/obj/src/tao/interface/fdtest.o
          CC arch-linux2-c-debug/obj/src/tao/interface/taosolver_fg.o
          CC arch-linux2-c-debug/obj/src/tao/interface/dlregistao.o
          CC arch-linux2-c-debug/obj/src/tao/interface/fdiff.o
          CC arch-linux2-c-debug/obj/src/tao/interface/ftn-auto/taosolver_hjf.o
          CC arch-linux2-c-debug/obj/src/tao/interface/ftn-auto/taosolver_boundsf.o
          CC arch-linux2-c-debug/obj/src/tao/interface/taosolver_bounds.o
          CC arch-linux2-c-debug/obj/src/tao/interface/ftn-custom/ztaosolverf.o
          CC arch-linux2-c-debug/obj/src/tao/interface/ftn-auto/taosolverf.o
          CC arch-linux2-c-debug/obj/src/tao/interface/taosolver_hj.o
          CC arch-linux2-c-debug/obj/src/tao/leastsquares/impls/pounders/pounders.o
          CC arch-linux2-c-debug/obj/src/tao/interface/taosolver.o
          CC arch-linux2-c-debug/obj/src/tao/complementarity/impls/ssls/ssls.o
          CC arch-linux2-c-debug/obj/src/tao/complementarity/impls/ssls/ssils.o
          CC arch-linux2-c-debug/obj/src/tao/complementarity/impls/ssls/ssfls.o
          FC arch-linux2-c-debug/obj/src/sys/classes/bag/f2003-src/fsrc/bagenum.o
          CC arch-linux2-c-debug/obj/src/tao/pde_constrained/impls/lcl/lcl.o
          CC arch-linux2-c-debug/obj/src/tao/complementarity/impls/asls/asils.o
          CC arch-linux2-c-debug/obj/src/tao/complementarity/impls/asls/asfls.o
          CC arch-linux2-c-debug/obj/src/tao/unconstrained/impls/nls/nls.o
          CC arch-linux2-c-debug/obj/src/tao/unconstrained/impls/neldermead/neldermead.o
          CC arch-linux2-c-debug/obj/src/tao/unconstrained/impls/ntr/ntr.o
          CC arch-linux2-c-debug/obj/src/tao/unconstrained/impls/cg/taocg.o
          CC arch-linux2-c-debug/obj/src/tao/unconstrained/impls/owlqn/owlqn.o
          CC arch-linux2-c-debug/obj/src/tao/unconstrained/impls/bmrm/bmrm.o
          CC arch-linux2-c-debug/obj/src/tao/unconstrained/impls/ntl/ntl.o
          CC arch-linux2-c-debug/obj/src/tao/unconstrained/impls/lmvm/lmvm.o
          CC arch-linux2-c-debug/obj/src/tao/linesearch/impls/armijo/armijo.o
          CC arch-linux2-c-debug/obj/src/tao/linesearch/impls/morethuente/morethuente.o
          CC arch-linux2-c-debug/obj/src/tao/linesearch/impls/owarmijo/owarmijo.o
          CC arch-linux2-c-debug/obj/src/tao/linesearch/impls/unit/unit.o
          CC arch-linux2-c-debug/obj/src/tao/linesearch/impls/gpcglinesearch/gpcglinesearch.o
          CC arch-linux2-c-debug/obj/src/tao/linesearch/interface/taolinesearch.o
          CC arch-linux2-c-debug/obj/src/tao/linesearch/interface/dlregis_taolinesearch.o
          CC arch-linux2-c-debug/obj/src/tao/linesearch/interface/ftn-auto/taolinesearchf.o
          CC arch-linux2-c-debug/obj/src/tao/linesearch/interface/ftn-custom/ztaolinesearchf.o
          FC arch-linux2-c-debug/obj/src/sys/objects/f2003-src/fsrc/optionenum.o
          CC arch-linux2-c-debug/obj/src/tao/constrained/impls/ipm/ipm.o
          FC arch-linux2-c-debug/obj/src/vec/f90-mod/petscvecmod.o
          FC arch-linux2-c-debug/obj/src/mat/f90-mod/petscmatmod.o
          FC arch-linux2-c-debug/obj/src/dm/f90-mod/petscdmmod.o
          FC arch-linux2-c-debug/obj/src/ksp/f90-mod/petsckspmod.o
          FC arch-linux2-c-debug/obj/src/snes/f90-mod/petscsnesmod.o
          FC arch-linux2-c-debug/obj/src/ts/f90-mod/petsctsmod.o
          FC arch-linux2-c-debug/obj/src/tao/f90-mod/petsctaomod.o
     CLINKER /sunhome/mlupopa/priv/PhD_project/Codes/Linear_Solver/AAR_MPI/petsc-3.8.0/arch-linux2-c-debug/lib/libpetsc.so.3.8.0
make[2]: Leaving directory '/sunhome/mlupopa/priv/PhD_project/Codes/Linear_Solver/AAR_MPI/petsc-3.8.0'
=========================================
make[1]: Leaving directory '/sunhome/mlupopa/priv/PhD_project/Codes/Linear_Solver/AAR_MPI/petsc-3.8.0'
Now to check if the libraries are working do:
make PETSC_DIR=/sunhome/mlupopa/priv/PhD_project/Codes/Linear_Solver/AAR_MPI/petsc-3.8.0 PETSC_ARCH=arch-linux2-c-debug test
=========================================
Finishing at: Fri Nov 10 17:41:05 EST 2017
